This file contains any messages produced by compilers while
running configure, to aid debugging if configure makes a mistake.

It was created by poppler configure 0.32.0, which was
generated by GNU Autoconf 2.69.  Invocation command line was

  $ ./configure 

## --------- ##
## Platform. ##
## --------- ##

hostname = achubbz-acer
uname -m = x86_64
uname -r = 4.10.0-35-generic
uname -s = Linux
uname -v = #39~16.04.1-Ubuntu SMP Wed Sep 13 09:02:42 UTC 2017

/usr/bin/uname -p = unknown
/bin/uname -X     = unknown

/bin/arch              = unknown
/usr/bin/arch -k       = unknown
/usr/convex/getsysinfo = unknown
/usr/bin/hostinfo      = unknown
/bin/machine           = unknown
/usr/bin/oslevel       = unknown
/bin/universe          = unknown

PATH: /home/achubbz/anaconda3/bin
PATH: /home/achubbz/bin
PATH: /home/achubbz/.local/bin
PATH: /usr/local/sbin
PATH: /usr/local/bin
PATH: /usr/sbin
PATH: /usr/bin
PATH: /sbin
PATH: /bin
PATH: /usr/games
PATH: /usr/local/games
PATH: /snap/bin


## ----------- ##
## Core tests. ##
## ----------- ##

configure:2909: checking for a BSD-compatible install
configure:2977: result: /usr/bin/install -c
configure:2988: checking whether build environment is sane
configure:3043: result: yes
configure:3194: checking for a thread-safe mkdir -p
configure:3233: result: /bin/mkdir -p
configure:3240: checking for gawk
configure:3270: result: no
configure:3240: checking for mawk
configure:3256: found /usr/bin/mawk
configure:3267: result: mawk
configure:3278: checking whether make sets $(MAKE)
configure:3300: result: yes
configure:3329: checking whether make supports nested variables
configure:3346: result: yes
configure:3483: checking whether make supports nested variables
configure:3500: result: yes
configure:3525: checking for style of include used by make
configure:3553: result: GNU
configure:3624: checking for gcc
configure:3640: found /usr/bin/gcc
configure:3651: result: gcc
configure:3880: checking for C compiler version
configure:3889: gcc --version >&5
gcc (Ubuntu 5.4.0-6ubuntu1~16.04.5) 5.4.0 20160609
Copyright (C) 2015 Free Software Foundation, Inc.
This is free software; see the source for copying conditions.  There is NO
warranty; not even for MERCHANTABILITY or FITNESS FOR A PARTICULAR PURPOSE.

configure:3900: $? = 0
configure:3889: gcc -v >&5
Using built-in specs.
COLLECT_GCC=gcc
COLLECT_LTO_WRAPPER=/usr/lib/gcc/x86_64-linux-gnu/5/lto-wrapper
Target: x86_64-linux-gnu
Configured with: ../src/configure -v --with-pkgversion='Ubuntu 5.4.0-6ubuntu1~16.04.5' --with-bugurl=file:///usr/share/doc/gcc-5/README.Bugs --enable-languages=c,ada,c++,java,go,d,fortran,objc,obj-c++ --prefix=/usr --program-suffix=-5 --enable-shared --enable-linker-build-id --libexecdir=/usr/lib --without-included-gettext --enable-threads=posix --libdir=/usr/lib --enable-nls --with-sysroot=/ --enable-clocale=gnu --enable-libstdcxx-debug --enable-libstdcxx-time=yes --with-default-libstdcxx-abi=new --enable-gnu-unique-object --disable-vtable-verify --enable-libmpx --enable-plugin --with-system-zlib --disable-browser-plugin --enable-java-awt=gtk --enable-gtk-cairo --with-java-home=/usr/lib/jvm/java-1.5.0-gcj-5-amd64/jre --enable-java-home --with-jvm-root-dir=/usr/lib/jvm/java-1.5.0-gcj-5-amd64 --with-jvm-jar-dir=/usr/lib/jvm-exports/java-1.5.0-gcj-5-amd64 --with-arch-directory=amd64 --with-ecj-jar=/usr/share/java/eclipse-ecj.jar --enable-objc-gc --enable-multiarch --disable-werror --with-arch-32=i686 --with-abi=m64 --with-multilib-list=m32,m64,mx32 --enable-multilib --with-tune=generic --enable-checking=release --build=x86_64-linux-gnu --host=x86_64-linux-gnu --target=x86_64-linux-gnu
Thread model: posix
gcc version 5.4.0 20160609 (Ubuntu 5.4.0-6ubuntu1~16.04.5) 
configure:3900: $? = 0
configure:3889: gcc -V >&5
gcc: error: unrecognized command line option '-V'
gcc: fatal error: no input files
compilation terminated.
configure:3900: $? = 1
configure:3889: gcc -qversion >&5
gcc: error: unrecognized command line option '-qversion'
gcc: fatal error: no input files
compilation terminated.
configure:3900: $? = 1
configure:3920: checking whether the C compiler works
configure:3942: gcc    conftest.c  >&5
configure:3946: $? = 0
configure:3994: result: yes
configure:3997: checking for C compiler default output file name
configure:3999: result: a.out
configure:4005: checking for suffix of executables
configure:4012: gcc -o conftest    conftest.c  >&5
configure:4016: $? = 0
configure:4038: result: 
configure:4060: checking whether we are cross compiling
configure:4068: gcc -o conftest    conftest.c  >&5
configure:4072: $? = 0
configure:4079: ./conftest
configure:4083: $? = 0
configure:4098: result: no
configure:4103: checking for suffix of object files
configure:4125: gcc -c   conftest.c >&5
configure:4129: $? = 0
configure:4150: result: o
configure:4154: checking whether we are using the GNU C compiler
configure:4173: gcc -c   conftest.c >&5
configure:4173: $? = 0
configure:4182: result: yes
configure:4191: checking whether gcc accepts -g
configure:4211: gcc -c -g  conftest.c >&5
configure:4211: $? = 0
configure:4252: result: yes
configure:4269: checking for gcc option to accept ISO C89
configure:4332: gcc  -c -g -O2  conftest.c >&5
configure:4332: $? = 0
configure:4345: result: none needed
configure:4370: checking whether gcc understands -c and -o together
configure:4392: gcc -c conftest.c -o conftest2.o
configure:4395: $? = 0
configure:4392: gcc -c conftest.c -o conftest2.o
configure:4395: $? = 0
configure:4407: result: yes
configure:4426: checking dependency style of gcc
configure:4537: result: gcc3
configure:4558: checking how to run the C preprocessor
configure:4589: gcc -E  conftest.c
configure:4589: $? = 0
configure:4603: gcc -E  conftest.c
conftest.c:11:28: fatal error: ac_nonexistent.h: No such file or directory
compilation terminated.
configure:4603: $? = 1
configure: failed program was:
| /* confdefs.h */
| #define PACKAGE_NAME "poppler"
| #define PACKAGE_TARNAME "poppler"
| #define PACKAGE_VERSION "0.32.0"
| #define PACKAGE_STRING "poppler 0.32.0"
| #define PACKAGE_BUGREPORT "https://bugs.freedesktop.org/enter_bug.cgi?product=poppler"
| #define PACKAGE_URL ""
| #define PACKAGE "poppler"
| #define VERSION "0.32.0"
| /* end confdefs.h.  */
| #include <ac_nonexistent.h>
configure:4628: result: gcc -E
configure:4648: gcc -E  conftest.c
configure:4648: $? = 0
configure:4662: gcc -E  conftest.c
conftest.c:11:28: fatal error: ac_nonexistent.h: No such file or directory
compilation terminated.
configure:4662: $? = 1
configure: failed program was:
| /* confdefs.h */
| #define PACKAGE_NAME "poppler"
| #define PACKAGE_TARNAME "poppler"
| #define PACKAGE_VERSION "0.32.0"
| #define PACKAGE_STRING "poppler 0.32.0"
| #define PACKAGE_BUGREPORT "https://bugs.freedesktop.org/enter_bug.cgi?product=poppler"
| #define PACKAGE_URL ""
| #define PACKAGE "poppler"
| #define VERSION "0.32.0"
| /* end confdefs.h.  */
| #include <ac_nonexistent.h>
configure:4691: checking for grep that handles long lines and -e
configure:4749: result: /bin/grep
configure:4754: checking for egrep
configure:4816: result: /bin/grep -E
configure:4821: checking for ANSI C header files
configure:4841: gcc -c -g -O2  conftest.c >&5
configure:4841: $? = 0
configure:4914: gcc -o conftest -g -O2   conftest.c  >&5
configure:4914: $? = 0
configure:4914: ./conftest
configure:4914: $? = 0
configure:4925: result: yes
configure:4938: checking for sys/types.h
configure:4938: gcc -c -g -O2  conftest.c >&5
configure:4938: $? = 0
configure:4938: result: yes
configure:4938: checking for sys/stat.h
configure:4938: gcc -c -g -O2  conftest.c >&5
configure:4938: $? = 0
configure:4938: result: yes
configure:4938: checking for stdlib.h
configure:4938: gcc -c -g -O2  conftest.c >&5
configure:4938: $? = 0
configure:4938: result: yes
configure:4938: checking for string.h
configure:4938: gcc -c -g -O2  conftest.c >&5
configure:4938: $? = 0
configure:4938: result: yes
configure:4938: checking for memory.h
configure:4938: gcc -c -g -O2  conftest.c >&5
configure:4938: $? = 0
configure:4938: result: yes
configure:4938: checking for strings.h
configure:4938: gcc -c -g -O2  conftest.c >&5
configure:4938: $? = 0
configure:4938: result: yes
configure:4938: checking for inttypes.h
configure:4938: gcc -c -g -O2  conftest.c >&5
configure:4938: $? = 0
configure:4938: result: yes
configure:4938: checking for stdint.h
configure:4938: gcc -c -g -O2  conftest.c >&5
configure:4938: $? = 0
configure:4938: result: yes
configure:4938: checking for unistd.h
configure:4938: gcc -c -g -O2  conftest.c >&5
configure:4938: $? = 0
configure:4938: result: yes
configure:4950: checking whether byte ordering is bigendian
configure:4965: gcc -c -g -O2  conftest.c >&5
conftest.c:22:9: error: unknown type name 'not'
         not a universal capable compiler
         ^
conftest.c:22:15: error: expected '=', ',', ';', 'asm' or '__attribute__' before 'universal'
         not a universal capable compiler
               ^
conftest.c:22:15: error: unknown type name 'universal'
configure:4965: $? = 1
configure: failed program was:
| /* confdefs.h */
| #define PACKAGE_NAME "poppler"
| #define PACKAGE_TARNAME "poppler"
| #define PACKAGE_VERSION "0.32.0"
| #define PACKAGE_STRING "poppler 0.32.0"
| #define PACKAGE_BUGREPORT "https://bugs.freedesktop.org/enter_bug.cgi?product=poppler"
| #define PACKAGE_URL ""
| #define PACKAGE "poppler"
| #define VERSION "0.32.0"
| #define STDC_HEADERS 1
| #define HAVE_SYS_TYPES_H 1
| #define HAVE_SYS_STAT_H 1
| #define HAVE_STDLIB_H 1
| #define HAVE_STRING_H 1
| #define HAVE_MEMORY_H 1
| #define HAVE_STRINGS_H 1
| #define HAVE_INTTYPES_H 1
| #define HAVE_STDINT_H 1
| #define HAVE_UNISTD_H 1
| /* end confdefs.h.  */
| #ifndef __APPLE_CC__
| 	       not a universal capable compiler
| 	     #endif
| 	     typedef int dummy;
| 
configure:5010: gcc -c -g -O2  conftest.c >&5
configure:5010: $? = 0
configure:5028: gcc -c -g -O2  conftest.c >&5
conftest.c: In function 'main':
conftest.c:28:4: error: unknown type name 'not'
    not big endian
    ^
conftest.c:28:12: error: expected '=', ',', ';', 'asm' or '__attribute__' before 'endian'
    not big endian
            ^
configure:5028: $? = 1
configure: failed program was:
| /* confdefs.h */
| #define PACKAGE_NAME "poppler"
| #define PACKAGE_TARNAME "poppler"
| #define PACKAGE_VERSION "0.32.0"
| #define PACKAGE_STRING "poppler 0.32.0"
| #define PACKAGE_BUGREPORT "https://bugs.freedesktop.org/enter_bug.cgi?product=poppler"
| #define PACKAGE_URL ""
| #define PACKAGE "poppler"
| #define VERSION "0.32.0"
| #define STDC_HEADERS 1
| #define HAVE_SYS_TYPES_H 1
| #define HAVE_SYS_STAT_H 1
| #define HAVE_STDLIB_H 1
| #define HAVE_STRING_H 1
| #define HAVE_MEMORY_H 1
| #define HAVE_STRINGS_H 1
| #define HAVE_INTTYPES_H 1
| #define HAVE_STDINT_H 1
| #define HAVE_UNISTD_H 1
| /* end confdefs.h.  */
| #include <sys/types.h>
| 		#include <sys/param.h>
| 
| int
| main ()
| {
| #if BYTE_ORDER != BIG_ENDIAN
| 		 not big endian
| 		#endif
| 
|   ;
|   return 0;
| }
configure:5156: result: no
configure:5179: checking build system type
configure:5193: result: x86_64-unknown-linux-gnu
configure:5213: checking host system type
configure:5226: result: x86_64-unknown-linux-gnu
configure:5596: checking how to print strings
configure:5623: result: printf
configure:5644: checking for a sed that does not truncate output
configure:5708: result: /bin/sed
configure:5726: checking for fgrep
configure:5788: result: /bin/grep -F
configure:5823: checking for ld used by gcc
configure:5890: result: /usr/bin/ld
configure:5897: checking if the linker (/usr/bin/ld) is GNU ld
configure:5912: result: yes
configure:5924: checking for BSD- or MS-compatible name lister (nm)
configure:5973: result: /usr/bin/nm -B
configure:6103: checking the name lister (/usr/bin/nm -B) interface
configure:6110: gcc -c -g -O2  conftest.c >&5
configure:6113: /usr/bin/nm -B "conftest.o"
configure:6116: output
0000000000000000 B some_variable
configure:6123: result: BSD nm
configure:6126: checking whether ln -s works
configure:6130: result: yes
configure:6138: checking the maximum length of command line arguments
configure:6263: result: 1572864
configure:6280: checking whether the shell understands some XSI constructs
configure:6290: result: yes
configure:6294: checking whether the shell understands "+="
configure:6300: result: yes
configure:6335: checking how to convert x86_64-unknown-linux-gnu file names to x86_64-unknown-linux-gnu format
configure:6375: result: func_convert_file_noop
configure:6382: checking how to convert x86_64-unknown-linux-gnu file names to toolchain format
configure:6402: result: func_convert_file_noop
configure:6409: checking for /usr/bin/ld option to reload object files
configure:6416: result: -r
configure:6490: checking for objdump
configure:6517: result: objdump
configure:6546: checking how to recognize dependent libraries
configure:6748: result: pass_all
configure:6833: checking for dlltool
configure:6860: result: dlltool
configure:6890: checking how to associate runtime and link libraries
configure:6917: result: printf %s\n
configure:6977: checking for ar
configure:6993: found /usr/bin/ar
configure:7004: result: ar
configure:7041: checking for archiver @FILE support
configure:7058: gcc -c -g -O2  conftest.c >&5
configure:7058: $? = 0
configure:7061: ar cru libconftest.a @conftest.lst >&5
ar: `u' modifier ignored since `D' is the default (see `U')
configure:7064: $? = 0
configure:7069: ar cru libconftest.a @conftest.lst >&5
ar: `u' modifier ignored since `D' is the default (see `U')
ar: conftest.o: No such file or directory
configure:7072: $? = 1
configure:7084: result: @
configure:7142: checking for strip
configure:7158: found /usr/bin/strip
configure:7169: result: strip
configure:7241: checking for ranlib
configure:7257: found /usr/bin/ranlib
configure:7268: result: ranlib
configure:7370: checking command to parse /usr/bin/nm -B output from gcc object
configure:7489: gcc -c -g -O2  conftest.c >&5
configure:7492: $? = 0
configure:7496: /usr/bin/nm -B conftest.o \| sed -n -e 's/^.*[ ]\([ABCDGIRSTW][ABCDGIRSTW]*\)[ ][ ]*\([_A-Za-z][_A-Za-z0-9]*\)$/\1 \2 \2/p' | sed '/ __gnu_lto/d' \> conftest.nm
configure:7499: $? = 0
configure:7565: gcc -o conftest -g -O2   conftest.c conftstm.o >&5
configure:7568: $? = 0
configure:7606: result: ok
configure:7643: checking for sysroot
configure:7673: result: no
configure:7750: gcc -c -g -O2  conftest.c >&5
configure:7753: $? = 0
configure:7916: checking for mt
configure:7932: found /bin/mt
configure:7943: result: mt
configure:7966: checking if mt is a manifest tool
configure:7972: mt '-?'
configure:7980: result: no
configure:8609: checking for dlfcn.h
configure:8609: gcc -c -g -O2  conftest.c >&5
configure:8609: $? = 0
configure:8609: result: yes
configure:8794: checking for objdir
configure:8809: result: .libs
configure:9080: checking if gcc supports -fno-rtti -fno-exceptions
configure:9098: gcc -c -g -O2  -fno-rtti -fno-exceptions conftest.c >&5
cc1: warning: command line option '-fno-rtti' is valid for C++/ObjC++ but not for C
configure:9102: $? = 0
configure:9115: result: no
configure:9425: checking for gcc option to produce PIC
configure:9432: result: -fPIC -DPIC
configure:9440: checking if gcc PIC flag -fPIC -DPIC works
configure:9458: gcc -c -g -O2  -fPIC -DPIC -DPIC conftest.c >&5
configure:9462: $? = 0
configure:9475: result: yes
configure:9504: checking if gcc static flag -static works
configure:9532: result: yes
configure:9547: checking if gcc supports -c -o file.o
configure:9568: gcc -c -g -O2  -o out/conftest2.o conftest.c >&5
configure:9572: $? = 0
configure:9594: result: yes
configure:9602: checking if gcc supports -c -o file.o
configure:9649: result: yes
configure:9682: checking whether the gcc linker (/usr/bin/ld -m elf_x86_64) supports shared libraries
configure:10840: result: yes
configure:10877: checking whether -lc should be explicitly linked in
configure:10885: gcc -c -g -O2  conftest.c >&5
configure:10888: $? = 0
configure:10903: gcc -shared  -fPIC -DPIC conftest.o  -v -Wl,-soname -Wl,conftest -o conftest 2\>\&1 \| /bin/grep  -lc  \>/dev/null 2\>\&1
configure:10906: $? = 0
configure:10920: result: no
configure:11085: checking dynamic linker characteristics
configure:11599: gcc -o conftest -g -O2   -Wl,-rpath -Wl,/foo conftest.c  >&5
configure:11599: $? = 0
configure:11821: result: GNU/Linux ld.so
configure:11928: checking how to hardcode library paths into programs
configure:11953: result: immediate
configure:12493: checking whether stripping libraries is possible
configure:12498: result: yes
configure:12533: checking if libtool supports shared libraries
configure:12535: result: yes
configure:12538: checking whether to build shared libraries
configure:12559: result: yes
configure:12562: checking whether to build static libraries
configure:12566: result: yes
configure:12650: checking for gcc
configure:12677: result: gcc
configure:12906: checking for C compiler version
configure:12915: gcc --version >&5
gcc (Ubuntu 5.4.0-6ubuntu1~16.04.5) 5.4.0 20160609
Copyright (C) 2015 Free Software Foundation, Inc.
This is free software; see the source for copying conditions.  There is NO
warranty; not even for MERCHANTABILITY or FITNESS FOR A PARTICULAR PURPOSE.

configure:12926: $? = 0
configure:12915: gcc -v >&5
Using built-in specs.
COLLECT_GCC=gcc
COLLECT_LTO_WRAPPER=/usr/lib/gcc/x86_64-linux-gnu/5/lto-wrapper
Target: x86_64-linux-gnu
Configured with: ../src/configure -v --with-pkgversion='Ubuntu 5.4.0-6ubuntu1~16.04.5' --with-bugurl=file:///usr/share/doc/gcc-5/README.Bugs --enable-languages=c,ada,c++,java,go,d,fortran,objc,obj-c++ --prefix=/usr --program-suffix=-5 --enable-shared --enable-linker-build-id --libexecdir=/usr/lib --without-included-gettext --enable-threads=posix --libdir=/usr/lib --enable-nls --with-sysroot=/ --enable-clocale=gnu --enable-libstdcxx-debug --enable-libstdcxx-time=yes --with-default-libstdcxx-abi=new --enable-gnu-unique-object --disable-vtable-verify --enable-libmpx --enable-plugin --with-system-zlib --disable-browser-plugin --enable-java-awt=gtk --enable-gtk-cairo --with-java-home=/usr/lib/jvm/java-1.5.0-gcj-5-amd64/jre --enable-java-home --with-jvm-root-dir=/usr/lib/jvm/java-1.5.0-gcj-5-amd64 --with-jvm-jar-dir=/usr/lib/jvm-exports/java-1.5.0-gcj-5-amd64 --with-arch-directory=amd64 --with-ecj-jar=/usr/share/java/eclipse-ecj.jar --enable-objc-gc --enable-multiarch --disable-werror --with-arch-32=i686 --with-abi=m64 --with-multilib-list=m32,m64,mx32 --enable-multilib --with-tune=generic --enable-checking=release --build=x86_64-linux-gnu --host=x86_64-linux-gnu --target=x86_64-linux-gnu
Thread model: posix
gcc version 5.4.0 20160609 (Ubuntu 5.4.0-6ubuntu1~16.04.5) 
configure:12926: $? = 0
configure:12915: gcc -V >&5
gcc: error: unrecognized command line option '-V'
gcc: fatal error: no input files
compilation terminated.
configure:12926: $? = 1
configure:12915: gcc -qversion >&5
gcc: error: unrecognized command line option '-qversion'
gcc: fatal error: no input files
compilation terminated.
configure:12926: $? = 1
configure:12930: checking whether we are using the GNU C compiler
configure:12958: result: yes
configure:12967: checking whether gcc accepts -g
configure:13028: result: yes
configure:13045: checking for gcc option to accept ISO C89
configure:13121: result: none needed
configure:13146: checking whether gcc understands -c and -o together
configure:13183: result: yes
configure:13202: checking dependency style of gcc
configure:13313: result: gcc3
configure:13386: checking for g++
configure:13402: found /usr/bin/g++
configure:13413: result: g++
configure:13440: checking for C++ compiler version
configure:13449: g++ --version >&5
g++ (Ubuntu 5.4.0-6ubuntu1~16.04.5) 5.4.0 20160609
Copyright (C) 2015 Free Software Foundation, Inc.
This is free software; see the source for copying conditions.  There is NO
warranty; not even for MERCHANTABILITY or FITNESS FOR A PARTICULAR PURPOSE.

configure:13460: $? = 0
configure:13449: g++ -v >&5
Using built-in specs.
COLLECT_GCC=g++
COLLECT_LTO_WRAPPER=/usr/lib/gcc/x86_64-linux-gnu/5/lto-wrapper
Target: x86_64-linux-gnu
Configured with: ../src/configure -v --with-pkgversion='Ubuntu 5.4.0-6ubuntu1~16.04.5' --with-bugurl=file:///usr/share/doc/gcc-5/README.Bugs --enable-languages=c,ada,c++,java,go,d,fortran,objc,obj-c++ --prefix=/usr --program-suffix=-5 --enable-shared --enable-linker-build-id --libexecdir=/usr/lib --without-included-gettext --enable-threads=posix --libdir=/usr/lib --enable-nls --with-sysroot=/ --enable-clocale=gnu --enable-libstdcxx-debug --enable-libstdcxx-time=yes --with-default-libstdcxx-abi=new --enable-gnu-unique-object --disable-vtable-verify --enable-libmpx --enable-plugin --with-system-zlib --disable-browser-plugin --enable-java-awt=gtk --enable-gtk-cairo --with-java-home=/usr/lib/jvm/java-1.5.0-gcj-5-amd64/jre --enable-java-home --with-jvm-root-dir=/usr/lib/jvm/java-1.5.0-gcj-5-amd64 --with-jvm-jar-dir=/usr/lib/jvm-exports/java-1.5.0-gcj-5-amd64 --with-arch-directory=amd64 --with-ecj-jar=/usr/share/java/eclipse-ecj.jar --enable-objc-gc --enable-multiarch --disable-werror --with-arch-32=i686 --with-abi=m64 --with-multilib-list=m32,m64,mx32 --enable-multilib --with-tune=generic --enable-checking=release --build=x86_64-linux-gnu --host=x86_64-linux-gnu --target=x86_64-linux-gnu
Thread model: posix
gcc version 5.4.0 20160609 (Ubuntu 5.4.0-6ubuntu1~16.04.5) 
configure:13460: $? = 0
configure:13449: g++ -V >&5
g++: error: unrecognized command line option '-V'
g++: fatal error: no input files
compilation terminated.
configure:13460: $? = 1
configure:13449: g++ -qversion >&5
g++: error: unrecognized command line option '-qversion'
g++: fatal error: no input files
compilation terminated.
configure:13460: $? = 1
configure:13464: checking whether we are using the GNU C++ compiler
configure:13483: g++ -c   conftest.cpp >&5
configure:13483: $? = 0
configure:13492: result: yes
configure:13501: checking whether g++ accepts -g
configure:13521: g++ -c -g  conftest.cpp >&5
configure:13521: $? = 0
configure:13562: result: yes
configure:13587: checking dependency style of g++
configure:13698: result: gcc3
configure:13731: checking how to run the C++ preprocessor
configure:13758: g++ -E  conftest.cpp
configure:13758: $? = 0
configure:13772: g++ -E  conftest.cpp
conftest.cpp:23:28: fatal error: ac_nonexistent.h: No such file or directory
compilation terminated.
configure:13772: $? = 1
configure: failed program was:
| /* confdefs.h */
| #define PACKAGE_NAME "poppler"
| #define PACKAGE_TARNAME "poppler"
| #define PACKAGE_VERSION "0.32.0"
| #define PACKAGE_STRING "poppler 0.32.0"
| #define PACKAGE_BUGREPORT "https://bugs.freedesktop.org/enter_bug.cgi?product=poppler"
| #define PACKAGE_URL ""
| #define PACKAGE "poppler"
| #define VERSION "0.32.0"
| #define STDC_HEADERS 1
| #define HAVE_SYS_TYPES_H 1
| #define HAVE_SYS_STAT_H 1
| #define HAVE_STDLIB_H 1
| #define HAVE_STRING_H 1
| #define HAVE_MEMORY_H 1
| #define HAVE_STRINGS_H 1
| #define HAVE_INTTYPES_H 1
| #define HAVE_STDINT_H 1
| #define HAVE_UNISTD_H 1
| #define HAVE_DLFCN_H 1
| #define LT_OBJDIR ".libs/"
| /* end confdefs.h.  */
| #include <ac_nonexistent.h>
configure:13797: result: g++ -E
configure:13817: g++ -E  conftest.cpp
configure:13817: $? = 0
configure:13831: g++ -E  conftest.cpp
conftest.cpp:23:28: fatal error: ac_nonexistent.h: No such file or directory
compilation terminated.
configure:13831: $? = 1
configure: failed program was:
| /* confdefs.h */
| #define PACKAGE_NAME "poppler"
| #define PACKAGE_TARNAME "poppler"
| #define PACKAGE_VERSION "0.32.0"
| #define PACKAGE_STRING "poppler 0.32.0"
| #define PACKAGE_BUGREPORT "https://bugs.freedesktop.org/enter_bug.cgi?product=poppler"
| #define PACKAGE_URL ""
| #define PACKAGE "poppler"
| #define VERSION "0.32.0"
| #define STDC_HEADERS 1
| #define HAVE_SYS_TYPES_H 1
| #define HAVE_SYS_STAT_H 1
| #define HAVE_STDLIB_H 1
| #define HAVE_STRING_H 1
| #define HAVE_MEMORY_H 1
| #define HAVE_STRINGS_H 1
| #define HAVE_INTTYPES_H 1
| #define HAVE_STDINT_H 1
| #define HAVE_UNISTD_H 1
| #define HAVE_DLFCN_H 1
| #define LT_OBJDIR ".libs/"
| /* end confdefs.h.  */
| #include <ac_nonexistent.h>
configure:14001: checking for ld used by g++
configure:14068: result: /usr/bin/ld -m elf_x86_64
configure:14075: checking if the linker (/usr/bin/ld -m elf_x86_64) is GNU ld
configure:14090: result: yes
configure:14145: checking whether the g++ linker (/usr/bin/ld -m elf_x86_64) supports shared libraries
configure:15149: result: yes
configure:15184: g++ -c -g -O2  conftest.cpp >&5
configure:15187: $? = 0
configure:15707: checking for g++ option to produce PIC
configure:15714: result: -fPIC -DPIC
configure:15722: checking if g++ PIC flag -fPIC -DPIC works
configure:15740: g++ -c -g -O2  -fPIC -DPIC -DPIC conftest.cpp >&5
configure:15744: $? = 0
configure:15757: result: yes
configure:15780: checking if g++ static flag -static works
configure:15808: result: yes
configure:15820: checking if g++ supports -c -o file.o
configure:15841: g++ -c -g -O2  -o out/conftest2.o conftest.cpp >&5
configure:15845: $? = 0
configure:15867: result: yes
configure:15872: checking if g++ supports -c -o file.o
configure:15919: result: yes
configure:15949: checking whether the g++ linker (/usr/bin/ld -m elf_x86_64) supports shared libraries
configure:15983: result: yes
configure:16126: checking dynamic linker characteristics
configure:16796: result: GNU/Linux ld.so
configure:16849: checking how to hardcode library paths into programs
configure:16874: result: immediate
configure:16914: checking for library containing strerror
configure:16945: gcc -o conftest -g -O2   conftest.c  >&5
configure:16945: $? = 0
configure:16962: result: none required
configure:16974: checking for gcc option to accept ISO C99
configure:17123: gcc  -c -g -O2  conftest.c >&5
configure:17123: $? = 0
configure:17136: result: none needed
configure:17244: checking for gcc option to accept ISO Standard C
configure:17255: result: none needed
configure:17377: checking for C++ compiler version
configure:17386: g++ --version >&5
g++ (Ubuntu 5.4.0-6ubuntu1~16.04.5) 5.4.0 20160609
Copyright (C) 2015 Free Software Foundation, Inc.
This is free software; see the source for copying conditions.  There is NO
warranty; not even for MERCHANTABILITY or FITNESS FOR A PARTICULAR PURPOSE.

configure:17397: $? = 0
configure:17386: g++ -v >&5
Using built-in specs.
COLLECT_GCC=g++
COLLECT_LTO_WRAPPER=/usr/lib/gcc/x86_64-linux-gnu/5/lto-wrapper
Target: x86_64-linux-gnu
Configured with: ../src/configure -v --with-pkgversion='Ubuntu 5.4.0-6ubuntu1~16.04.5' --with-bugurl=file:///usr/share/doc/gcc-5/README.Bugs --enable-languages=c,ada,c++,java,go,d,fortran,objc,obj-c++ --prefix=/usr --program-suffix=-5 --enable-shared --enable-linker-build-id --libexecdir=/usr/lib --without-included-gettext --enable-threads=posix --libdir=/usr/lib --enable-nls --with-sysroot=/ --enable-clocale=gnu --enable-libstdcxx-debug --enable-libstdcxx-time=yes --with-default-libstdcxx-abi=new --enable-gnu-unique-object --disable-vtable-verify --enable-libmpx --enable-plugin --with-system-zlib --disable-browser-plugin --enable-java-awt=gtk --enable-gtk-cairo --with-java-home=/usr/lib/jvm/java-1.5.0-gcj-5-amd64/jre --enable-java-home --with-jvm-root-dir=/usr/lib/jvm/java-1.5.0-gcj-5-amd64 --with-jvm-jar-dir=/usr/lib/jvm-exports/java-1.5.0-gcj-5-amd64 --with-arch-directory=amd64 --with-ecj-jar=/usr/share/java/eclipse-ecj.jar --enable-objc-gc --enable-multiarch --disable-werror --with-arch-32=i686 --with-abi=m64 --with-multilib-list=m32,m64,mx32 --enable-multilib --with-tune=generic --enable-checking=release --build=x86_64-linux-gnu --host=x86_64-linux-gnu --target=x86_64-linux-gnu
Thread model: posix
gcc version 5.4.0 20160609 (Ubuntu 5.4.0-6ubuntu1~16.04.5) 
configure:17397: $? = 0
configure:17386: g++ -V >&5
g++: error: unrecognized command line option '-V'
g++: fatal error: no input files
compilation terminated.
configure:17397: $? = 1
configure:17386: g++ -qversion >&5
g++: error: unrecognized command line option '-qversion'
g++: fatal error: no input files
compilation terminated.
configure:17397: $? = 1
configure:17401: checking whether we are using the GNU C++ compiler
configure:17429: result: yes
configure:17438: checking whether g++ accepts -g
configure:17499: result: yes
configure:17524: checking dependency style of g++
configure:17635: result: gcc3
configure:17706: checking for pkg-config
configure:17724: found /usr/bin/pkg-config
configure:17736: result: /usr/bin/pkg-config
configure:17761: checking pkg-config is at least version 0.9.0
configure:17764: result: yes
configure:17979: checking for the pthreads library -lpthreads
configure:18017: gcc -o conftest -g -O2    conftest.c -lpthreads  >&5
/usr/bin/ld: cannot find -lpthreads
collect2: error: ld returned 1 exit status
configure:18017: $? = 1
configure: failed program was:
| /* confdefs.h */
| #define PACKAGE_NAME "poppler"
| #define PACKAGE_TARNAME "poppler"
| #define PACKAGE_VERSION "0.32.0"
| #define PACKAGE_STRING "poppler 0.32.0"
| #define PACKAGE_BUGREPORT "https://bugs.freedesktop.org/enter_bug.cgi?product=poppler"
| #define PACKAGE_URL ""
| #define PACKAGE "poppler"
| #define VERSION "0.32.0"
| #define STDC_HEADERS 1
| #define HAVE_SYS_TYPES_H 1
| #define HAVE_SYS_STAT_H 1
| #define HAVE_STDLIB_H 1
| #define HAVE_STRING_H 1
| #define HAVE_MEMORY_H 1
| #define HAVE_STRINGS_H 1
| #define HAVE_INTTYPES_H 1
| #define HAVE_STDINT_H 1
| #define HAVE_UNISTD_H 1
| #define HAVE_DLFCN_H 1
| #define LT_OBJDIR ".libs/"
| #define POPPLER_VERSION "0.32.0"
| #define OPI_SUPPORT 1
| #define MULTITHREADED 1
| #define TEXTOUT_WORD_LIST 1
| /* end confdefs.h.  */
| #include <pthread.h>
|                         static void routine(void *a) { a = 0; }
|                         static void *start_routine(void *a) { return a; }
| int
| main ()
| {
| pthread_t th; pthread_attr_t attr;
|                         pthread_create(&th, 0, start_routine, 0);
|                         pthread_join(th, 0);
|                         pthread_attr_init(&attr);
|                         pthread_cleanup_push(routine, 0);
|                         pthread_cleanup_pop(0) /* ; */
|   ;
|   return 0;
| }
configure:18026: result: no
configure:17924: checking whether pthreads work without any flags
configure:18017: gcc -o conftest -g -O2    conftest.c   >&5
/tmp/ccI8knqi.o: In function `main':
/home/achubbz/Desktop/poppler-0.32.0/conftest.c:34: undefined reference to `pthread_create'
/home/achubbz/Desktop/poppler-0.32.0/conftest.c:35: undefined reference to `pthread_join'
/home/achubbz/Desktop/poppler-0.32.0/conftest.c:37: undefined reference to `__pthread_register_cancel'
/home/achubbz/Desktop/poppler-0.32.0/conftest.c:38: undefined reference to `__pthread_unregister_cancel'
collect2: error: ld returned 1 exit status
configure:18017: $? = 1
configure: failed program was:
| /* confdefs.h */
| #define PACKAGE_NAME "poppler"
| #define PACKAGE_TARNAME "poppler"
| #define PACKAGE_VERSION "0.32.0"
| #define PACKAGE_STRING "poppler 0.32.0"
| #define PACKAGE_BUGREPORT "https://bugs.freedesktop.org/enter_bug.cgi?product=poppler"
| #define PACKAGE_URL ""
| #define PACKAGE "poppler"
| #define VERSION "0.32.0"
| #define STDC_HEADERS 1
| #define HAVE_SYS_TYPES_H 1
| #define HAVE_SYS_STAT_H 1
| #define HAVE_STDLIB_H 1
| #define HAVE_STRING_H 1
| #define HAVE_MEMORY_H 1
| #define HAVE_STRINGS_H 1
| #define HAVE_INTTYPES_H 1
| #define HAVE_STDINT_H 1
| #define HAVE_UNISTD_H 1
| #define HAVE_DLFCN_H 1
| #define LT_OBJDIR ".libs/"
| #define POPPLER_VERSION "0.32.0"
| #define OPI_SUPPORT 1
| #define MULTITHREADED 1
| #define TEXTOUT_WORD_LIST 1
| /* end confdefs.h.  */
| #include <pthread.h>
|                         static void routine(void *a) { a = 0; }
|                         static void *start_routine(void *a) { return a; }
| int
| main ()
| {
| pthread_t th; pthread_attr_t attr;
|                         pthread_create(&th, 0, start_routine, 0);
|                         pthread_join(th, 0);
|                         pthread_attr_init(&attr);
|                         pthread_cleanup_push(routine, 0);
|                         pthread_cleanup_pop(0) /* ; */
|   ;
|   return 0;
| }
configure:18026: result: no
configure:17929: checking whether pthreads work with -Kthread
configure:18017: gcc -o conftest -g -O2 -Kthread   conftest.c   >&5
gcc: error: unrecognized command line option '-Kthread'
configure:18017: $? = 1
configure: failed program was:
| /* confdefs.h */
| #define PACKAGE_NAME "poppler"
| #define PACKAGE_TARNAME "poppler"
| #define PACKAGE_VERSION "0.32.0"
| #define PACKAGE_STRING "poppler 0.32.0"
| #define PACKAGE_BUGREPORT "https://bugs.freedesktop.org/enter_bug.cgi?product=poppler"
| #define PACKAGE_URL ""
| #define PACKAGE "poppler"
| #define VERSION "0.32.0"
| #define STDC_HEADERS 1
| #define HAVE_SYS_TYPES_H 1
| #define HAVE_SYS_STAT_H 1
| #define HAVE_STDLIB_H 1
| #define HAVE_STRING_H 1
| #define HAVE_MEMORY_H 1
| #define HAVE_STRINGS_H 1
| #define HAVE_INTTYPES_H 1
| #define HAVE_STDINT_H 1
| #define HAVE_UNISTD_H 1
| #define HAVE_DLFCN_H 1
| #define LT_OBJDIR ".libs/"
| #define POPPLER_VERSION "0.32.0"
| #define OPI_SUPPORT 1
| #define MULTITHREADED 1
| #define TEXTOUT_WORD_LIST 1
| /* end confdefs.h.  */
| #include <pthread.h>
|                         static void routine(void *a) { a = 0; }
|                         static void *start_routine(void *a) { return a; }
| int
| main ()
| {
| pthread_t th; pthread_attr_t attr;
|                         pthread_create(&th, 0, start_routine, 0);
|                         pthread_join(th, 0);
|                         pthread_attr_init(&attr);
|                         pthread_cleanup_push(routine, 0);
|                         pthread_cleanup_pop(0) /* ; */
|   ;
|   return 0;
| }
configure:18026: result: no
configure:17929: checking whether pthreads work with -kthread
configure:18017: gcc -o conftest -g -O2 -kthread   conftest.c   >&5
gcc: error: unrecognized command line option '-kthread'
configure:18017: $? = 1
configure: failed program was:
| /* confdefs.h */
| #define PACKAGE_NAME "poppler"
| #define PACKAGE_TARNAME "poppler"
| #define PACKAGE_VERSION "0.32.0"
| #define PACKAGE_STRING "poppler 0.32.0"
| #define PACKAGE_BUGREPORT "https://bugs.freedesktop.org/enter_bug.cgi?product=poppler"
| #define PACKAGE_URL ""
| #define PACKAGE "poppler"
| #define VERSION "0.32.0"
| #define STDC_HEADERS 1
| #define HAVE_SYS_TYPES_H 1
| #define HAVE_SYS_STAT_H 1
| #define HAVE_STDLIB_H 1
| #define HAVE_STRING_H 1
| #define HAVE_MEMORY_H 1
| #define HAVE_STRINGS_H 1
| #define HAVE_INTTYPES_H 1
| #define HAVE_STDINT_H 1
| #define HAVE_UNISTD_H 1
| #define HAVE_DLFCN_H 1
| #define LT_OBJDIR ".libs/"
| #define POPPLER_VERSION "0.32.0"
| #define OPI_SUPPORT 1
| #define MULTITHREADED 1
| #define TEXTOUT_WORD_LIST 1
| /* end confdefs.h.  */
| #include <pthread.h>
|                         static void routine(void *a) { a = 0; }
|                         static void *start_routine(void *a) { return a; }
| int
| main ()
| {
| pthread_t th; pthread_attr_t attr;
|                         pthread_create(&th, 0, start_routine, 0);
|                         pthread_join(th, 0);
|                         pthread_attr_init(&attr);
|                         pthread_cleanup_push(routine, 0);
|                         pthread_cleanup_pop(0) /* ; */
|   ;
|   return 0;
| }
configure:18026: result: no
configure:17979: checking for the pthreads library -llthread
configure:18017: gcc -o conftest -g -O2    conftest.c -llthread  >&5
/usr/bin/ld: cannot find -llthread
collect2: error: ld returned 1 exit status
configure:18017: $? = 1
configure: failed program was:
| /* confdefs.h */
| #define PACKAGE_NAME "poppler"
| #define PACKAGE_TARNAME "poppler"
| #define PACKAGE_VERSION "0.32.0"
| #define PACKAGE_STRING "poppler 0.32.0"
| #define PACKAGE_BUGREPORT "https://bugs.freedesktop.org/enter_bug.cgi?product=poppler"
| #define PACKAGE_URL ""
| #define PACKAGE "poppler"
| #define VERSION "0.32.0"
| #define STDC_HEADERS 1
| #define HAVE_SYS_TYPES_H 1
| #define HAVE_SYS_STAT_H 1
| #define HAVE_STDLIB_H 1
| #define HAVE_STRING_H 1
| #define HAVE_MEMORY_H 1
| #define HAVE_STRINGS_H 1
| #define HAVE_INTTYPES_H 1
| #define HAVE_STDINT_H 1
| #define HAVE_UNISTD_H 1
| #define HAVE_DLFCN_H 1
| #define LT_OBJDIR ".libs/"
| #define POPPLER_VERSION "0.32.0"
| #define OPI_SUPPORT 1
| #define MULTITHREADED 1
| #define TEXTOUT_WORD_LIST 1
| /* end confdefs.h.  */
| #include <pthread.h>
|                         static void routine(void *a) { a = 0; }
|                         static void *start_routine(void *a) { return a; }
| int
| main ()
| {
| pthread_t th; pthread_attr_t attr;
|                         pthread_create(&th, 0, start_routine, 0);
|                         pthread_join(th, 0);
|                         pthread_attr_init(&attr);
|                         pthread_cleanup_push(routine, 0);
|                         pthread_cleanup_pop(0) /* ; */
|   ;
|   return 0;
| }
configure:18026: result: no
configure:17979: checking for the pthreads library -lpthread
configure:18017: gcc -o conftest -g -O2    conftest.c -lpthread  >&5
configure:18017: $? = 0
configure:18026: result: yes
configure:18045: checking for joinable pthread attribute
configure:18060: gcc -o conftest -g -O2    conftest.c -lpthread  >&5
configure:18060: $? = 0
configure:18066: result: PTHREAD_CREATE_JOINABLE
configure:18076: checking if more special flags are required for pthreads
configure:18090: result: no
configure:18096: checking for PTHREAD_PRIO_INHERIT
configure:18114: gcc -o conftest -g -O2    conftest.c -lpthread  >&5
configure:18114: $? = 0
configure:18123: result: yes
configure:18283: $PKG_CONFIG --exists --print-errors "poppler-data"
configure:18286: $? = 0
configure:18327: checking for X
configure:18435: gcc -E  conftest.c
configure:18435: $? = 0
configure:18466: gcc -o conftest -g -O2   conftest.c -lX11  >&5
configure:18466: $? = 0
configure:18516: result: libraries , headers 
configure:18615: gcc -o conftest -g -O2   conftest.c   -lX11 >&5
configure:18615: $? = 0
configure:18713: checking for gethostbyname
configure:18713: gcc -o conftest -g -O2   conftest.c  >&5
configure:18713: $? = 0
configure:18713: result: yes
configure:18810: checking for connect
configure:18810: gcc -o conftest -g -O2   conftest.c  >&5
configure:18810: $? = 0
configure:18810: result: yes
configure:18859: checking for remove
configure:18859: gcc -o conftest -g -O2   conftest.c  >&5
configure:18859: $? = 0
configure:18859: result: yes
configure:18908: checking for shmat
configure:18908: gcc -o conftest -g -O2   conftest.c  >&5
configure:18908: $? = 0
configure:18908: result: yes
configure:18966: checking for IceConnectionNumber in -lICE
configure:18991: gcc -o conftest -g -O2   conftest.c -lICE   >&5
/usr/bin/ld: cannot find -lICE
collect2: error: ld returned 1 exit status
configure:18991: $? = 1
configure: failed program was:
| /* confdefs.h */
| #define PACKAGE_NAME "poppler"
| #define PACKAGE_TARNAME "poppler"
| #define PACKAGE_VERSION "0.32.0"
| #define PACKAGE_STRING "poppler 0.32.0"
| #define PACKAGE_BUGREPORT "https://bugs.freedesktop.org/enter_bug.cgi?product=poppler"
| #define PACKAGE_URL ""
| #define PACKAGE "poppler"
| #define VERSION "0.32.0"
| #define STDC_HEADERS 1
| #define HAVE_SYS_TYPES_H 1
| #define HAVE_SYS_STAT_H 1
| #define HAVE_STDLIB_H 1
| #define HAVE_STRING_H 1
| #define HAVE_MEMORY_H 1
| #define HAVE_STRINGS_H 1
| #define HAVE_INTTYPES_H 1
| #define HAVE_STDINT_H 1
| #define HAVE_UNISTD_H 1
| #define HAVE_DLFCN_H 1
| #define LT_OBJDIR ".libs/"
| #define POPPLER_VERSION "0.32.0"
| #define OPI_SUPPORT 1
| #define MULTITHREADED 1
| #define TEXTOUT_WORD_LIST 1
| #define HAVE_PTHREAD_PRIO_INHERIT 1
| #define HAVE_PTHREAD 1
| #define POPPLER_DATADIR "/usr/share/poppler"
| /* end confdefs.h.  */
| 
| /* Override any GCC internal prototype to avoid an error.
|    Use char because int might match the return type of a GCC
|    builtin and then its argument prototype would still apply.  */
| #ifdef __cplusplus
| extern "C"
| #endif
| char IceConnectionNumber ();
| int
| main ()
| {
| return IceConnectionNumber ();
|   ;
|   return 0;
| }
configure:19000: result: no
configure:19013: checking for dirent.h that defines DIR
configure:19032: gcc -c -g -O2  conftest.c >&5
configure:19032: $? = 0
configure:19040: result: yes
configure:19053: checking for library containing opendir
configure:19084: gcc -o conftest -g -O2   conftest.c  >&5
configure:19084: $? = 0
configure:19101: result: none required
configure:19170: checking for stdint.h
configure:19170: result: yes
configure:19188: checking whether gettimeofday is declared
configure:19188: g++ -c -g -O2  conftest.cpp >&5
configure:19188: $? = 0
configure:19188: result: yes
configure:19191: checking for gettimeofday
configure:19191: g++ -o conftest -g -O2   conftest.cpp  >&5
configure:19191: $? = 0
configure:19191: result: yes
configure:19200: checking for localtime_r
configure:19200: g++ -o conftest -g -O2   conftest.cpp  >&5
configure:19200: $? = 0
configure:19200: result: yes
configure:19207: checking for gmtime_r
configure:19207: g++ -o conftest -g -O2   conftest.cpp  >&5
configure:19207: $? = 0
configure:19207: result: yes
configure:19214: checking for rand_r
configure:19214: g++ -o conftest -g -O2   conftest.cpp  >&5
configure:19214: $? = 0
configure:19214: result: yes
configure:19222: checking for gethostbyname
configure:19222: result: yes
configure:19270: checking for nanosleep
configure:19270: g++ -o conftest -g -O2   conftest.cpp  >&5
configure:19270: $? = 0
configure:19270: result: yes
configure:19380: checking for LIBOPENJPEG
configure:19387: $PKG_CONFIG --exists --print-errors "libopenjpeg"
Package libopenjpeg was not found in the pkg-config search path.
Perhaps you should add the directory containing `libopenjpeg.pc'
to the PKG_CONFIG_PATH environment variable
No package 'libopenjpeg' found
configure:19390: $? = 1
configure:19404: $PKG_CONFIG --exists --print-errors "libopenjpeg"
Package libopenjpeg was not found in the pkg-config search path.
Perhaps you should add the directory containing `libopenjpeg.pc'
to the PKG_CONFIG_PATH environment variable
No package 'libopenjpeg' found
configure:19407: $? = 1
configure:19421: result: no
No package 'libopenjpeg' found
configure:19437: checking for opj_cio_open in -lopenjpeg
configure:19462: g++ -o conftest -g -O2   conftest.cpp -lopenjpeg   >&5
/usr/bin/ld: cannot find -lopenjpeg
collect2: error: ld returned 1 exit status
configure:19462: $? = 1
configure: failed program was:
| /* confdefs.h */
| #define PACKAGE_NAME "poppler"
| #define PACKAGE_TARNAME "poppler"
| #define PACKAGE_VERSION "0.32.0"
| #define PACKAGE_STRING "poppler 0.32.0"
| #define PACKAGE_BUGREPORT "https://bugs.freedesktop.org/enter_bug.cgi?product=poppler"
| #define PACKAGE_URL ""
| #define PACKAGE "poppler"
| #define VERSION "0.32.0"
| #define STDC_HEADERS 1
| #define HAVE_SYS_TYPES_H 1
| #define HAVE_SYS_STAT_H 1
| #define HAVE_STDLIB_H 1
| #define HAVE_STRING_H 1
| #define HAVE_MEMORY_H 1
| #define HAVE_STRINGS_H 1
| #define HAVE_INTTYPES_H 1
| #define HAVE_STDINT_H 1
| #define HAVE_UNISTD_H 1
| #define HAVE_DLFCN_H 1
| #define LT_OBJDIR ".libs/"
| #define POPPLER_VERSION "0.32.0"
| #define OPI_SUPPORT 1
| #define MULTITHREADED 1
| #define TEXTOUT_WORD_LIST 1
| #define HAVE_PTHREAD_PRIO_INHERIT 1
| #define HAVE_PTHREAD 1
| #define POPPLER_DATADIR "/usr/share/poppler"
| #define HAVE_DIRENT_H 1
| #define HAVE_STDINT_H 1
| #define HAVE_GETTIMEOFDAY 1
| #define HAVE_LOCALTIME_R 1
| #define HAVE_GMTIME_R 1
| #define HAVE_RAND_R 1
| /* end confdefs.h.  */
| 
| /* Override any GCC internal prototype to avoid an error.
|    Use char because int might match the return type of a GCC
|    builtin and then its argument prototype would still apply.  */
| #ifdef __cplusplus
| extern "C"
| #endif
| char opj_cio_open ();
| int
| main ()
| {
| return opj_cio_open ();
|   ;
|   return 0;
| }
configure:19471: result: no
configure:19482: checking openjpeg.h usability
configure:19482: g++ -c -g -O2  conftest.cpp >&5
conftest.cpp:69:22: fatal error: openjpeg.h: No such file or directory
compilation terminated.
configure:19482: $? = 1
configure: failed program was:
| /* confdefs.h */
| #define PACKAGE_NAME "poppler"
| #define PACKAGE_TARNAME "poppler"
| #define PACKAGE_VERSION "0.32.0"
| #define PACKAGE_STRING "poppler 0.32.0"
| #define PACKAGE_BUGREPORT "https://bugs.freedesktop.org/enter_bug.cgi?product=poppler"
| #define PACKAGE_URL ""
| #define PACKAGE "poppler"
| #define VERSION "0.32.0"
| #define STDC_HEADERS 1
| #define HAVE_SYS_TYPES_H 1
| #define HAVE_SYS_STAT_H 1
| #define HAVE_STDLIB_H 1
| #define HAVE_STRING_H 1
| #define HAVE_MEMORY_H 1
| #define HAVE_STRINGS_H 1
| #define HAVE_INTTYPES_H 1
| #define HAVE_STDINT_H 1
| #define HAVE_UNISTD_H 1
| #define HAVE_DLFCN_H 1
| #define LT_OBJDIR ".libs/"
| #define POPPLER_VERSION "0.32.0"
| #define OPI_SUPPORT 1
| #define MULTITHREADED 1
| #define TEXTOUT_WORD_LIST 1
| #define HAVE_PTHREAD_PRIO_INHERIT 1
| #define HAVE_PTHREAD 1
| #define POPPLER_DATADIR "/usr/share/poppler"
| #define HAVE_DIRENT_H 1
| #define HAVE_STDINT_H 1
| #define HAVE_GETTIMEOFDAY 1
| #define HAVE_LOCALTIME_R 1
| #define HAVE_GMTIME_R 1
| #define HAVE_RAND_R 1
| /* end confdefs.h.  */
| #include <stdio.h>
| #ifdef HAVE_SYS_TYPES_H
| # include <sys/types.h>
| #endif
| #ifdef HAVE_SYS_STAT_H
| # include <sys/stat.h>
| #endif
| #ifdef STDC_HEADERS
| # include <stdlib.h>
| # include <stddef.h>
| #else
| # ifdef HAVE_STDLIB_H
| #  include <stdlib.h>
| # endif
| #endif
| #ifdef HAVE_STRING_H
| # if !defined STDC_HEADERS && defined HAVE_MEMORY_H
| #  include <memory.h>
| # endif
| # include <string.h>
| #endif
| #ifdef HAVE_STRINGS_H
| # include <strings.h>
| #endif
| #ifdef HAVE_INTTYPES_H
| # include <inttypes.h>
| #endif
| #ifdef HAVE_STDINT_H
| # include <stdint.h>
| #endif
| #ifdef HAVE_UNISTD_H
| # include <unistd.h>
| #endif
| #include <openjpeg.h>
configure:19482: result: no
configure:19482: checking openjpeg.h presence
configure:19482: g++ -E  conftest.cpp
conftest.cpp:36:22: fatal error: openjpeg.h: No such file or directory
compilation terminated.
configure:19482: $? = 1
configure: failed program was:
| /* confdefs.h */
| #define PACKAGE_NAME "poppler"
| #define PACKAGE_TARNAME "poppler"
| #define PACKAGE_VERSION "0.32.0"
| #define PACKAGE_STRING "poppler 0.32.0"
| #define PACKAGE_BUGREPORT "https://bugs.freedesktop.org/enter_bug.cgi?product=poppler"
| #define PACKAGE_URL ""
| #define PACKAGE "poppler"
| #define VERSION "0.32.0"
| #define STDC_HEADERS 1
| #define HAVE_SYS_TYPES_H 1
| #define HAVE_SYS_STAT_H 1
| #define HAVE_STDLIB_H 1
| #define HAVE_STRING_H 1
| #define HAVE_MEMORY_H 1
| #define HAVE_STRINGS_H 1
| #define HAVE_INTTYPES_H 1
| #define HAVE_STDINT_H 1
| #define HAVE_UNISTD_H 1
| #define HAVE_DLFCN_H 1
| #define LT_OBJDIR ".libs/"
| #define POPPLER_VERSION "0.32.0"
| #define OPI_SUPPORT 1
| #define MULTITHREADED 1
| #define TEXTOUT_WORD_LIST 1
| #define HAVE_PTHREAD_PRIO_INHERIT 1
| #define HAVE_PTHREAD 1
| #define POPPLER_DATADIR "/usr/share/poppler"
| #define HAVE_DIRENT_H 1
| #define HAVE_STDINT_H 1
| #define HAVE_GETTIMEOFDAY 1
| #define HAVE_LOCALTIME_R 1
| #define HAVE_GMTIME_R 1
| #define HAVE_RAND_R 1
| /* end confdefs.h.  */
| #include <openjpeg.h>
configure:19482: result: no
configure:19482: checking for openjpeg.h
configure:19482: result: no
configure:19567: checking for LIBOPENJPEG
configure:19574: $PKG_CONFIG --exists --print-errors "libopenjp2"
Package libopenjp2 was not found in the pkg-config search path.
Perhaps you should add the directory containing `libopenjp2.pc'
to the PKG_CONFIG_PATH environment variable
No package 'libopenjp2' found
configure:19577: $? = 1
configure:19591: $PKG_CONFIG --exists --print-errors "libopenjp2"
Package libopenjp2 was not found in the pkg-config search path.
Perhaps you should add the directory containing `libopenjp2.pc'
to the PKG_CONFIG_PATH environment variable
No package 'libopenjp2' found
configure:19594: $? = 1
configure:19608: result: no
No package 'libopenjp2' found
configure:19624: error: Package requirements (libopenjp2) were not met:

No package 'libopenjp2' found

Consider adjusting the PKG_CONFIG_PATH environment variable if you
installed software in a non-standard prefix.

Alternatively, you may set the environment variables LIBOPENJPEG_CFLAGS
and LIBOPENJPEG_LIBS to avoid the need to call pkg-config.
See the pkg-config man page for more details.

## ---------------- ##
## Cache variables. ##
## ---------------- ##

ac_cv_build=x86_64-unknown-linux-gnu
ac_cv_c_bigendian=no
ac_cv_c_compiler_gnu=yes
ac_cv_cxx_compiler_gnu=yes
ac_cv_env_CAIRO_CFLAGS_set=
ac_cv_env_CAIRO_CFLAGS_value=
ac_cv_env_CAIRO_LIBS_set=
ac_cv_env_CAIRO_LIBS_value=
ac_cv_env_CCC_set=
ac_cv_env_CCC_value=
ac_cv_env_CC_set=
ac_cv_env_CC_value=
ac_cv_env_CFLAGS_set=
ac_cv_env_CFLAGS_value=
ac_cv_env_CPPFLAGS_set=
ac_cv_env_CPPFLAGS_value=
ac_cv_env_CPP_set=
ac_cv_env_CPP_value=
ac_cv_env_CXXCPP_set=
ac_cv_env_CXXCPP_value=
ac_cv_env_CXXFLAGS_set=
ac_cv_env_CXXFLAGS_value=
ac_cv_env_CXX_set=
ac_cv_env_CXX_value=
ac_cv_env_FONTCONFIG_CFLAGS_set=
ac_cv_env_FONTCONFIG_CFLAGS_value=
ac_cv_env_FONTCONFIG_LIBS_set=
ac_cv_env_FONTCONFIG_LIBS_value=
ac_cv_env_FREETYPE_CFLAGS_set=
ac_cv_env_FREETYPE_CFLAGS_value=
ac_cv_env_FREETYPE_LIBS_set=
ac_cv_env_FREETYPE_LIBS_value=
ac_cv_env_GTKDOC_DEPS_CFLAGS_set=
ac_cv_env_GTKDOC_DEPS_CFLAGS_value=
ac_cv_env_GTKDOC_DEPS_LIBS_set=
ac_cv_env_GTKDOC_DEPS_LIBS_value=
ac_cv_env_GTK_TEST_CFLAGS_set=
ac_cv_env_GTK_TEST_CFLAGS_value=
ac_cv_env_GTK_TEST_LIBS_set=
ac_cv_env_GTK_TEST_LIBS_value=
ac_cv_env_LCMS_CFLAGS_set=
ac_cv_env_LCMS_CFLAGS_value=
ac_cv_env_LCMS_LIBS_set=
ac_cv_env_LCMS_LIBS_value=
ac_cv_env_LDFLAGS_set=
ac_cv_env_LDFLAGS_value=
ac_cv_env_LIBCURL_CFLAGS_set=
ac_cv_env_LIBCURL_CFLAGS_value=
ac_cv_env_LIBCURL_LIBS_set=
ac_cv_env_LIBCURL_LIBS_value=
ac_cv_env_LIBJPEG_CFLAGS_set=
ac_cv_env_LIBJPEG_CFLAGS_value=
ac_cv_env_LIBOPENJPEG_CFLAGS_set=
ac_cv_env_LIBOPENJPEG_CFLAGS_value=
ac_cv_env_LIBOPENJPEG_LIBS_set=
ac_cv_env_LIBOPENJPEG_LIBS_value=
ac_cv_env_LIBPNG_CFLAGS_set=
ac_cv_env_LIBPNG_CFLAGS_value=
ac_cv_env_LIBPNG_LIBS_set=
ac_cv_env_LIBPNG_LIBS_value=
ac_cv_env_LIBS_set=
ac_cv_env_LIBS_value=
ac_cv_env_LIBTIFF_CFLAGS_set=
ac_cv_env_LIBTIFF_CFLAGS_value=
ac_cv_env_LIBTIFF_LIBS_set=
ac_cv_env_LIBTIFF_LIBS_value=
ac_cv_env_PDFTOCAIRO_CFLAGS_set=
ac_cv_env_PDFTOCAIRO_CFLAGS_value=
ac_cv_env_PDFTOCAIRO_LIBS_set=
ac_cv_env_PDFTOCAIRO_LIBS_value=
ac_cv_env_PKG_CONFIG_LIBDIR_set=
ac_cv_env_PKG_CONFIG_LIBDIR_value=
ac_cv_env_PKG_CONFIG_PATH_set=
ac_cv_env_PKG_CONFIG_PATH_value=
ac_cv_env_PKG_CONFIG_set=
ac_cv_env_PKG_CONFIG_value=
ac_cv_env_POPPLER_GLIB_CFLAGS_set=
ac_cv_env_POPPLER_GLIB_CFLAGS_value=
ac_cv_env_POPPLER_GLIB_LIBS_set=
ac_cv_env_POPPLER_GLIB_LIBS_value=
ac_cv_env_POPPLER_QT4_CFLAGS_set=
ac_cv_env_POPPLER_QT4_CFLAGS_value=
ac_cv_env_POPPLER_QT4_LIBS_set=
ac_cv_env_POPPLER_QT4_LIBS_value=
ac_cv_env_POPPLER_QT4_TEST_CFLAGS_set=
ac_cv_env_POPPLER_QT4_TEST_CFLAGS_value=
ac_cv_env_POPPLER_QT4_TEST_LIBS_set=
ac_cv_env_POPPLER_QT4_TEST_LIBS_value=
ac_cv_env_POPPLER_QT5_CFLAGS_set=
ac_cv_env_POPPLER_QT5_CFLAGS_value=
ac_cv_env_POPPLER_QT5_LIBS_set=
ac_cv_env_POPPLER_QT5_LIBS_value=
ac_cv_env_POPPLER_QT5_TEST_CFLAGS_set=
ac_cv_env_POPPLER_QT5_TEST_CFLAGS_value=
ac_cv_env_POPPLER_QT5_TEST_LIBS_set=
ac_cv_env_POPPLER_QT5_TEST_LIBS_value=
ac_cv_env_XMKMF_set=
ac_cv_env_XMKMF_value=
ac_cv_env_build_alias_set=
ac_cv_env_build_alias_value=
ac_cv_env_host_alias_set=
ac_cv_env_host_alias_value=
ac_cv_env_target_alias_set=
ac_cv_env_target_alias_value=
ac_cv_func_connect=yes
ac_cv_func_gethostbyname=yes
ac_cv_func_gettimeofday=yes
ac_cv_func_gmtime_r=yes
ac_cv_func_localtime_r=yes
ac_cv_func_nanosleep=yes
ac_cv_func_rand_r=yes
ac_cv_func_remove=yes
ac_cv_func_shmat=yes
ac_cv_have_decl_gettimeofday=yes
ac_cv_have_x='have_x=yes	ac_x_includes='\'''\''	ac_x_libraries='\'''\'''
ac_cv_header_dirent_dirent_h=yes
ac_cv_header_dlfcn_h=yes
ac_cv_header_inttypes_h=yes
ac_cv_header_memory_h=yes
ac_cv_header_openjpeg_h=no
ac_cv_header_stdc=yes
ac_cv_header_stdint_h=yes
ac_cv_header_stdlib_h=yes
ac_cv_header_string_h=yes
ac_cv_header_strings_h=yes
ac_cv_header_sys_stat_h=yes
ac_cv_header_sys_types_h=yes
ac_cv_header_unistd_h=yes
ac_cv_host=x86_64-unknown-linux-gnu
ac_cv_lib_ICE_IceConnectionNumber=no
ac_cv_lib_openjpeg_opj_cio_open=no
ac_cv_objext=o
ac_cv_path_EGREP='/bin/grep -E'
ac_cv_path_FGREP='/bin/grep -F'
ac_cv_path_GREP=/bin/grep
ac_cv_path_SED=/bin/sed
ac_cv_path_ac_pt_PKG_CONFIG=/usr/bin/pkg-config
ac_cv_path_install='/usr/bin/install -c'
ac_cv_path_mkdir=/bin/mkdir
ac_cv_prog_AWK=mawk
ac_cv_prog_CPP='gcc -E'
ac_cv_prog_CXXCPP='g++ -E'
ac_cv_prog_ac_ct_AR=ar
ac_cv_prog_ac_ct_CC=gcc
ac_cv_prog_ac_ct_CXX=g++
ac_cv_prog_ac_ct_DLLTOOL=dlltool
ac_cv_prog_ac_ct_MANIFEST_TOOL=mt
ac_cv_prog_ac_ct_OBJDUMP=objdump
ac_cv_prog_ac_ct_RANLIB=ranlib
ac_cv_prog_ac_ct_STRIP=strip
ac_cv_prog_cc_c89=
ac_cv_prog_cc_c99=
ac_cv_prog_cc_g=yes
ac_cv_prog_cc_stdc=
ac_cv_prog_cxx_g=yes
ac_cv_prog_make_make_set=yes
ac_cv_search_opendir='none required'
ac_cv_search_strerror='none required'
am_cv_CC_dependencies_compiler_type=gcc3
am_cv_CXX_dependencies_compiler_type=gcc3
am_cv_make_support_nested_variables=yes
am_cv_prog_cc_c_o=yes
ax_cv_PTHREAD_PRIO_INHERIT=yes
lt_cv_ar_at_file=@
lt_cv_archive_cmds_need_lc=no
lt_cv_deplibs_check_method=pass_all
lt_cv_file_magic_cmd='$MAGIC_CMD'
lt_cv_file_magic_test_file=
lt_cv_ld_reload_flag=-r
lt_cv_nm_interface='BSD nm'
lt_cv_objdir=.libs
lt_cv_path_LD=/usr/bin/ld
lt_cv_path_LDCXX='/usr/bin/ld -m elf_x86_64'
lt_cv_path_NM='/usr/bin/nm -B'
lt_cv_path_mainfest_tool=no
lt_cv_prog_compiler_c_o=yes
lt_cv_prog_compiler_c_o_CXX=yes
lt_cv_prog_compiler_pic='-fPIC -DPIC'
lt_cv_prog_compiler_pic_CXX='-fPIC -DPIC'
lt_cv_prog_compiler_pic_works=yes
lt_cv_prog_compiler_pic_works_CXX=yes
lt_cv_prog_compiler_rtti_exceptions=no
lt_cv_prog_compiler_static_works=yes
lt_cv_prog_compiler_static_works_CXX=yes
lt_cv_prog_gnu_ld=yes
lt_cv_prog_gnu_ldcxx=yes
lt_cv_sharedlib_from_linklib_cmd='printf %s\n'
lt_cv_shlibpath_overrides_runpath=no
lt_cv_sys_global_symbol_pipe='sed -n -e '\''s/^.*[	 ]\([ABCDGIRSTW][ABCDGIRSTW]*\)[	 ][	 ]*\([_A-Za-z][_A-Za-z0-9]*\)$/\1 \2 \2/p'\'' | sed '\''/ __gnu_lto/d'\'''
lt_cv_sys_global_symbol_to_c_name_address='sed -n -e '\''s/^: \([^ ]*\)[ ]*$/  {\"\1\", (void *) 0},/p'\'' -e '\''s/^[ABCDGIRSTW]* \([^ ]*\) \([^ ]*\)$/  {"\2", (void *) \&\2},/p'\'''
lt_cv_sys_global_symbol_to_c_name_address_lib_prefix='sed -n -e '\''s/^: \([^ ]*\)[ ]*$/  {\"\1\", (void *) 0},/p'\'' -e '\''s/^[ABCDGIRSTW]* \([^ ]*\) \(lib[^ ]*\)$/  {"\2", (void *) \&\2},/p'\'' -e '\''s/^[ABCDGIRSTW]* \([^ ]*\) \([^ ]*\)$/  {"lib\2", (void *) \&\2},/p'\'''
lt_cv_sys_global_symbol_to_cdecl='sed -n -e '\''s/^T .* \(.*\)$/extern int \1();/p'\'' -e '\''s/^[ABCDGIRSTW]* .* \(.*\)$/extern char \1;/p'\'''
lt_cv_sys_max_cmd_len=1572864
lt_cv_to_host_file_cmd=func_convert_file_noop
lt_cv_to_tool_file_cmd=func_convert_file_noop

## ----------------- ##
## Output variables. ##
## ----------------- ##

ACLOCAL='${SHELL} /home/achubbz/Desktop/poppler-0.32.0/missing aclocal-1.14'
AMDEPBACKSLASH='\'
AMDEP_FALSE='#'
AMDEP_TRUE=''
AMTAR='$${TAR-tar}'
AM_BACKSLASH='\'
AM_DEFAULT_V='$(AM_DEFAULT_VERBOSITY)'
AM_DEFAULT_VERBOSITY='0'
AM_V='$(V)'
AR='ar'
AS='as'
AUTOCONF='${SHELL} /home/achubbz/Desktop/poppler-0.32.0/missing autoconf'
AUTOHEADER='${SHELL} /home/achubbz/Desktop/poppler-0.32.0/missing autoheader'
AUTOMAKE='${SHELL} /home/achubbz/Desktop/poppler-0.32.0/missing automake-1.14'
AWK='mawk'
BUILD_CAIRO_OUTPUT_FALSE=''
BUILD_CAIRO_OUTPUT_TRUE=''
BUILD_GTK_TEST_FALSE=''
BUILD_GTK_TEST_TRUE=''
BUILD_LIBCURL_FALSE=''
BUILD_LIBCURL_TRUE=''
BUILD_LIBJPEG_FALSE=''
BUILD_LIBJPEG_TRUE=''
BUILD_LIBOPENJPEG_FALSE=''
BUILD_LIBOPENJPEG_TRUE=''
BUILD_LIBPNG_FALSE=''
BUILD_LIBPNG_TRUE=''
BUILD_LIBTIFF_FALSE=''
BUILD_LIBTIFF_TRUE=''
BUILD_POPPLER_CPP_FALSE=''
BUILD_POPPLER_CPP_TRUE=''
BUILD_POPPLER_GLIB_FALSE=''
BUILD_POPPLER_GLIB_TRUE=''
BUILD_POPPLER_QT4_FALSE=''
BUILD_POPPLER_QT4_TRUE=''
BUILD_POPPLER_QT5_FALSE=''
BUILD_POPPLER_QT5_TRUE=''
BUILD_SPLASH_OUTPUT_FALSE=''
BUILD_SPLASH_OUTPUT_TRUE=''
BUILD_UTILS_FALSE=''
BUILD_UTILS_TRUE=''
BUILD_WITH_WIN32_FONTCONFIGURATION_FALSE=''
BUILD_WITH_WIN32_FONTCONFIGURATION_TRUE=''
BUILD_ZLIB_FALSE=''
BUILD_ZLIB_TRUE=''
CAIRO_CFLAGS=''
CAIRO_FEATURE=''
CAIRO_LIBS=''
CAIRO_REQ=''
CAIRO_VERSION=''
CC='gcc'
CCDEPMODE='depmode=gcc3'
CFLAGS='-g -O2'
CPP='gcc -E'
CPPFLAGS=''
CXX='g++'
CXXCPP='g++ -E'
CXXDEPMODE='depmode=gcc3'
CXXFLAGS='-g -O2'
CYGPATH_W='echo'
DEFS=''
DEPDIR='.deps'
DLLTOOL='dlltool'
DSYMUTIL=''
DUMPBIN=''
ECHO_C=''
ECHO_N='-n'
ECHO_T=''
EGREP='/bin/grep -E'
ENABLE_GTK_DOC_FALSE=''
ENABLE_GTK_DOC_TRUE=''
ENABLE_XPDF_HEADERS_FALSE=''
ENABLE_XPDF_HEADERS_TRUE='#'
EXEEXT=''
FGREP='/bin/grep -F'
FONTCONFIG_CFLAGS=''
FONTCONFIG_LIBS=''
FREETYPE_CFLAGS=''
FREETYPE_CONFIG=''
FREETYPE_LIBS=''
GLIB_MKENUMS=''
GLIB_REQ=''
GLIB_REQUIRED=''
GREP='/bin/grep'
GTKDOC_CHECK=''
GTKDOC_CHECK_PATH=''
GTKDOC_DEPS_CFLAGS=''
GTKDOC_DEPS_LIBS=''
GTKDOC_MKPDF=''
GTKDOC_REBASE=''
GTK_DOC_BUILD_HTML_FALSE=''
GTK_DOC_BUILD_HTML_TRUE=''
GTK_DOC_BUILD_PDF_FALSE=''
GTK_DOC_BUILD_PDF_TRUE=''
GTK_DOC_USE_LIBTOOL_FALSE=''
GTK_DOC_USE_LIBTOOL_TRUE=''
GTK_DOC_USE_REBASE_FALSE=''
GTK_DOC_USE_REBASE_TRUE=''
GTK_TEST_CFLAGS=''
GTK_TEST_LIBS=''
HAVE_GTK_DOC_FALSE=''
HAVE_GTK_DOC_TRUE=''
HAVE_INTROSPECTION_FALSE=''
HAVE_INTROSPECTION_TRUE=''
HTML_DIR=''
INSTALL_DATA='${INSTALL} -m 644'
INSTALL_PROGRAM='${INSTALL}'
INSTALL_SCRIPT='${INSTALL}'
INSTALL_STRIP_PROGRAM='$(install_sh) -c -s'
INTROSPECTION_CFLAGS=''
INTROSPECTION_COMPILER=''
INTROSPECTION_GENERATE=''
INTROSPECTION_GIRDIR=''
INTROSPECTION_LIBS=''
INTROSPECTION_MAKEFILE=''
INTROSPECTION_SCANNER=''
INTROSPECTION_TYPELIBDIR=''
LCMS_CFLAGS=''
LCMS_LIBS=''
LD='/usr/bin/ld -m elf_x86_64'
LDFLAGS=''
LIBCURL_CFLAGS=''
LIBCURL_LIBS=''
LIBICONV=''
LIBJPEG_CFLAGS=''
LIBJPEG_LIBS=''
LIBOBJS=''
LIBOPENJPEG_CFLAGS=''
LIBOPENJPEG_LIBS=''
LIBPNG_CFLAGS=''
LIBPNG_LIBS=''
LIBS=''
LIBTIFF_CFLAGS=''
LIBTIFF_LIBS=''
LIBTOOL='$(SHELL) $(top_builddir)/libtool'
LIPO=''
LN_S='ln -s'
LTLIBICONV=''
LTLIBOBJS=''
MAKEINFO='${SHELL} /home/achubbz/Desktop/poppler-0.32.0/missing makeinfo'
MANIFEST_TOOL=':'
MKDIR_P='/bin/mkdir -p'
MOCQT42=''
MOCQT4=''
MOCQT52=''
MOCQT5=''
NM='/usr/bin/nm -B'
NMEDIT=''
OBJDUMP='objdump'
OBJEXT='o'
OTOOL64=''
OTOOL=''
PACKAGE='poppler'
PACKAGE_BUGREPORT='https://bugs.freedesktop.org/enter_bug.cgi?product=poppler'
PACKAGE_NAME='poppler'
PACKAGE_STRING='poppler 0.32.0'
PACKAGE_TARNAME='poppler'
PACKAGE_URL=''
PACKAGE_VERSION='0.32.0'
PATH_SEPARATOR=':'
PC_REQUIRES=''
PC_REQUIRES_PRIVATE=''
PDFTOCAIRO_CFLAGS=''
PDFTOCAIRO_LIBS=''
PKG_CONFIG='/usr/bin/pkg-config'
PKG_CONFIG_LIBDIR=''
PKG_CONFIG_PATH=''
POPPLER_DATADIR='/usr/share/poppler'
POPPLER_GLIB_CFLAGS=''
POPPLER_GLIB_DISABLE_DEPRECATED=''
POPPLER_GLIB_DISABLE_SINGLE_INCLUDES=''
POPPLER_GLIB_LIBS=''
POPPLER_MAJOR_VERSION=''
POPPLER_MICRO_VERSION=''
POPPLER_MINOR_VERSION=''
POPPLER_QT4_CFLAGS=''
POPPLER_QT4_CXXFLAGS=''
POPPLER_QT4_LIBS=''
POPPLER_QT4_TEST_CFLAGS=''
POPPLER_QT4_TEST_LIBS=''
POPPLER_QT5_CFLAGS=''
POPPLER_QT5_CXXFLAGS=''
POPPLER_QT5_LIBS=''
POPPLER_QT5_TEST_CFLAGS=''
POPPLER_QT5_TEST_LIBS=''
POPPLER_VERSION=''
PTHREAD_CC='gcc'
PTHREAD_CFLAGS=''
PTHREAD_LIBS='-lpthread'
QTCHOOSER=''
RANLIB='ranlib'
SED='/bin/sed'
SET_MAKE=''
SHELL='/bin/bash'
STRIP='strip'
TESTDATADIR=''
USE_CMS_FALSE=''
USE_CMS_TRUE=''
USE_LCMS1_FALSE=''
USE_LCMS1_TRUE=''
VERSION='0.32.0'
XMKMF=''
X_CFLAGS=''
X_EXTRA_LIBS=''
X_LIBS=''
X_PRE_LIBS=''
ZLIB_LIBS=''
ac_ct_AR='ar'
ac_ct_CC='gcc'
ac_ct_CXX='g++'
ac_ct_DUMPBIN=''
am__EXEEXT_FALSE=''
am__EXEEXT_TRUE=''
am__fastdepCC_FALSE='#'
am__fastdepCC_TRUE=''
am__fastdepCXX_FALSE='#'
am__fastdepCXX_TRUE=''
am__include='include'
am__isrc=''
am__leading_dot='.'
am__nodep='_no'
am__quote=''
am__tar='$${TAR-tar} chof - "$$tardir"'
am__untar='$${TAR-tar} xf -'
auto_import_flags=''
ax_pthread_config=''
bindir='${exec_prefix}/bin'
build='x86_64-unknown-linux-gnu'
build_alias=''
build_cpu='x86_64'
build_os='linux-gnu'
build_vendor='unknown'
create_shared_lib=''
datadir='${datarootdir}'
datarootdir='${prefix}/share'
docdir='${datarootdir}/doc/${PACKAGE_TARNAME}'
dvidir='${docdir}'
exec_prefix='NONE'
host='x86_64-unknown-linux-gnu'
host_alias=''
host_cpu='x86_64'
host_os='linux-gnu'
host_vendor='unknown'
htmldir='${docdir}'
includedir='${prefix}/include'
infodir='${datarootdir}/info'
install_sh='${SHELL} /home/achubbz/Desktop/poppler-0.32.0/install-sh'
libdir='${exec_prefix}/lib'
libexecdir='${exec_prefix}/libexec'
localedir='${datarootdir}/locale'
localstatedir='${prefix}/var'
mandir='${datarootdir}/man'
mkdir_p='$(MKDIR_P)'
oldincludedir='/usr/include'
pdfdir='${docdir}'
prefix='NONE'
program_transform_name='s,x,x,'
psdir='${docdir}'
sbindir='${exec_prefix}/sbin'
sharedstatedir='${prefix}/com'
sysconfdir='${prefix}/etc'
target_alias=''
win32_libs=''

## ----------- ##
## confdefs.h. ##
## ----------- ##

/* confdefs.h */
#define PACKAGE_NAME "poppler"
#define PACKAGE_TARNAME "poppler"
#define PACKAGE_VERSION "0.32.0"
#define PACKAGE_STRING "poppler 0.32.0"
#define PACKAGE_BUGREPORT "https://bugs.freedesktop.org/enter_bug.cgi?product=poppler"
#define PACKAGE_URL ""
#define PACKAGE "poppler"
#define VERSION "0.32.0"
#define STDC_HEADERS 1
#define HAVE_SYS_TYPES_H 1
#define HAVE_SYS_STAT_H 1
#define HAVE_STDLIB_H 1
#define HAVE_STRING_H 1
#define HAVE_MEMORY_H 1
#define HAVE_STRINGS_H 1
#define HAVE_INTTYPES_H 1
#define HAVE_STDINT_H 1
#define HAVE_UNISTD_H 1
#define HAVE_DLFCN_H 1
#define LT_OBJDIR ".libs/"
#define POPPLER_VERSION "0.32.0"
#define OPI_SUPPORT 1
#define MULTITHREADED 1
#define TEXTOUT_WORD_LIST 1
#define HAVE_PTHREAD_PRIO_INHERIT 1
#define HAVE_PTHREAD 1
#define POPPLER_DATADIR "/usr/share/poppler"
#define HAVE_DIRENT_H 1
#define HAVE_STDINT_H 1
#define HAVE_GETTIMEOFDAY 1
#define HAVE_LOCALTIME_R 1
#define HAVE_GMTIME_R 1
#define HAVE_RAND_R 1

configure: exit 1
