The following Comms I/O and associated data have been removed due to ZERO flow coefficient :

Region / Technology / Commodity / Parameter / Year / Value / SheetName / Cell

 / S6Y / CDE / ENV_ACT / 1990 / 0 / AllSec_Tdata / 924,9
 / S6Y / CDE / ENV_ACT / 1995 / 0 / AllSec_Tdata / 924,10
 / S6Y / CDE / ENV_ACT / 2000 / 0 / AllSec_Tdata / 924,11
 / S6Y / CDE / ENV_ACT / 2005 / 0 / AllSec_Tdata / 924,12
 / S6Y / CDE / ENV_ACT / 2010 / 0 / AllSec_Tdata / 924,13
 / S6Y / CDE / ENV_ACT / 2015 / 0 / AllSec_Tdata / 924,14
 / S6Y / CDE / ENV_ACT / 2020 / 0 / AllSec_Tdata / 924,15
 / S6Y / CDE / ENV_ACT / 2025 / 0 / AllSec_Tdata / 924,16
 / S6Y / CDE / ENV_ACT / 2030 / 0 / AllSec_Tdata / 924,17
 / S6Y / CDE / ENV_ACT / 2035 / 0 / AllSec_Tdata / 924,18
 / S6Y / CDE / ENV_ACT / 2040 / 0 / AllSec_Tdata / 924,19
 / S6Y / CDE / ENV_ACT / 2045 / 0 / AllSec_Tdata / 924,20
 / S6Y / CDE / ENV_ACT / 2050 / 0 / AllSec_Tdata / 924,21
 / S6Z / CDE / ENV_ACT / 1990 / 0 / AllSec_Tdata / 928,9
 / S6Z / CDE / ENV_ACT / 1995 / 0 / AllSec_Tdata / 928,10
 / S6Z / CDE / ENV_ACT / 2000 / 0 / AllSec_Tdata / 928,11
 / S6Z / CDE / ENV_ACT / 2005 / 0 / AllSec_Tdata / 928,12
 / S6Z / CDE / ENV_ACT / 2010 / 0 / AllSec_Tdata / 928,13
 / S6Z / CDE / ENV_ACT / 2015 / 0 / AllSec_Tdata / 928,14
 / S6Z / CDE / ENV_ACT / 2020 / 0 / AllSec_Tdata / 928,15
 / S6Z / CDE / ENV_ACT / 2025 / 0 / AllSec_Tdata / 928,16
 / S6Z / CDE / ENV_ACT / 2030 / 0 / AllSec_Tdata / 928,17
 / S6Z / CDE / ENV_ACT / 2035 / 0 / AllSec_Tdata / 928,18
 / S6Z / CDE / ENV_ACT / 2040 / 0 / AllSec_Tdata / 928,19
 / S6Z / CDE / ENV_ACT / 2045 / 0 / AllSec_Tdata / 928,20
 / S6Z / CDE / ENV_ACT / 2050 / 0 / AllSec_Tdata / 928,21
 / S9C / STM / INP(ENT)p / 1990 / 0 / AllSec_Tdata / 1013,9
 / S9C / STM / INP(ENT)p / 1995 / 0 / AllSec_Tdata / 1013,10
 / S9C / STM / INP(ENT)p / 2000 / 0 / AllSec_Tdata / 1013,11
 / S9C / STM / INP(ENT)p / 2005 / 0 / AllSec_Tdata / 1013,12
 / S9C / STM / INP(ENT)p / 2010 / 0 / AllSec_Tdata / 1013,13
 / S9C / STM / INP(ENT)p / 2015 / 0 / AllSec_Tdata / 1013,14
 / S9C / STM / INP(ENT)p / 2020 / 0 / AllSec_Tdata / 1013,15
 / S9C / STM / INP(ENT)p / 2025 / 0 / AllSec_Tdata / 1013,16
 / S9C / STM / INP(ENT)p / 2030 / 0 / AllSec_Tdata / 1013,17
 / S9C / STM / INP(ENT)p / 2035 / 0 / AllSec_Tdata / 1013,18
 / S9C / STM / INP(ENT)p / 2040 / 0 / AllSec_Tdata / 1013,19
 / S9C / STM / INP(ENT)p / 2045 / 0 / AllSec_Tdata / 1013,20
 / S9C / STM / INP(ENT)p / 2050 / 0 / AllSec_Tdata / 1013,21
 / S9G / CDE / ENV_ACT / 1990 / 0 / AllSec_Tdata / 1035,9
 / S9G / CDE / ENV_ACT / 1995 / 0 / AllSec_Tdata / 1035,10
 / S9G / CDE / ENV_ACT / 2000 / 0 / AllSec_Tdata / 1035,11
 / S9G / CDE / ENV_ACT / 2005 / 0 / AllSec_Tdata / 1035,12
 / S9G / CDE / ENV_ACT / 2010 / 0 / AllSec_Tdata / 1035,13
 / S9G / CDE / ENV_ACT / 2015 / 0 / AllSec_Tdata / 1035,14
 / S9G / CDE / ENV_ACT / 2020 / 0 / AllSec_Tdata / 1035,15
 / S9G / CDE / ENV_ACT / 2025 / 0 / AllSec_Tdata / 1035,16
 / S9G / CDE / ENV_ACT / 2030 / 0 / AllSec_Tdata / 1035,17
 / S9G / CDE / ENV_ACT / 2035 / 0 / AllSec_Tdata / 1035,18
 / S9G / CDE / ENV_ACT / 2040 / 0 / AllSec_Tdata / 1035,19
 / S9G / CDE / ENV_ACT / 2045 / 0 / AllSec_Tdata / 1035,20
 / S9G / CDE / ENV_ACT / 2050 / 0 / AllSec_Tdata / 1035,21
 / SL1 / CDE / ENV_ACT / 1990 / 0 / AllSec_Tdata / 1316,9
 / SL1 / CDE / ENV_ACT / 1995 / 0 / AllSec_Tdata / 1316,10
 / SL1 / CDE / ENV_ACT / 2000 / 0 / AllSec_Tdata / 1316,11
 / SL1 / CDE / ENV_ACT / 2005 / 0 / AllSec_Tdata / 1316,12
 / SL1 / CDE / ENV_ACT / 2010 / 0 / AllSec_Tdata / 1316,13
 / SL1 / CDE / ENV_ACT / 2015 / 0 / AllSec_Tdata / 1316,14
 / SL1 / CDE / ENV_ACT / 2020 / 0 / AllSec_Tdata / 1316,15
 / SL1 / CDE / ENV_ACT / 2025 / 0 / AllSec_Tdata / 1316,16
 / SL1 / CDE / ENV_ACT / 2030 / 0 / AllSec_Tdata / 1316,17
 / SL1 / CDE / ENV_ACT / 2035 / 0 / AllSec_Tdata / 1316,18
 / SL1 / CDE / ENV_ACT / 2040 / 0 / AllSec_Tdata / 1316,19
 / SL1 / CDE / ENV_ACT / 2045 / 0 / AllSec_Tdata / 1316,20
 / SL1 / CDE / ENV_ACT / 2050 / 0 / AllSec_Tdata / 1316,21
 / SL2 / CDE / ENV_ACT / 1990 / 0 / AllSec_Tdata / 1339,9
 / SL2 / CDE / ENV_ACT / 1995 / 0 / AllSec_Tdata / 1339,10
 / SL2 / CDE / ENV_ACT / 2000 / 0 / AllSec_Tdata / 1339,11
 / SL2 / CDE / ENV_ACT / 2005 / 0 / AllSec_Tdata / 1339,12
 / SL2 / CDE / ENV_ACT / 2010 / 0 / AllSec_Tdata / 1339,13
 / SL2 / CDE / ENV_ACT / 2015 / 0 / AllSec_Tdata / 1339,14
 / SL2 / CDE / ENV_ACT / 2020 / 0 / AllSec_Tdata / 1339,15
 / SL2 / CDE / ENV_ACT / 2025 / 0 / AllSec_Tdata / 1339,16
 / SL2 / CDE / ENV_ACT / 2030 / 0 / AllSec_Tdata / 1339,17
 / SL2 / CDE / ENV_ACT / 2035 / 0 / AllSec_Tdata / 1339,18
 / SL2 / CDE / ENV_ACT / 2040 / 0 / AllSec_Tdata / 1339,19
 / SL2 / CDE / ENV_ACT / 2045 / 0 / AllSec_Tdata / 1339,20
 / SL2 / CDE / ENV_ACT / 2050 / 0 / AllSec_Tdata / 1339,21
 / SL3 / CDE / ENV_ACT / 1990 / 0 / AllSec_Tdata / 1347,9
 / SL3 / CDE / ENV_ACT / 1995 / 0 / AllSec_Tdata / 1347,10
 / SL3 / CDE / ENV_ACT / 2000 / 0 / AllSec_Tdata / 1347,11
 / SL3 / CDE / ENV_ACT / 2005 / 0 / AllSec_Tdata / 1347,12
 / SL3 / CDE / ENV_ACT / 2010 / 0 / AllSec_Tdata / 1347,13
 / SL3 / CDE / ENV_ACT / 2015 / 0 / AllSec_Tdata / 1347,14
 / SL3 / CDE / ENV_ACT / 2020 / 0 / AllSec_Tdata / 1347,15
 / SL3 / CDE / ENV_ACT / 2025 / 0 / AllSec_Tdata / 1347,16
 / SL3 / CDE / ENV_ACT / 2030 / 0 / AllSec_Tdata / 1347,17
 / SL3 / CDE / ENV_ACT / 2035 / 0 / AllSec_Tdata / 1347,18
 / SL3 / CDE / ENV_ACT / 2040 / 0 / AllSec_Tdata / 1347,19
 / SL3 / CDE / ENV_ACT / 2045 / 0 / AllSec_Tdata / 1347,20
 / SL3 / CDE / ENV_ACT / 2050 / 0 / AllSec_Tdata / 1347,21
 / SM1 / CDE / ENV_ACT / 1990 / 0 / AllSec_Tdata / 1332,9
 / SM1 / CDE / ENV_ACT / 1995 / 0 / AllSec_Tdata / 1332,10
 / SM1 / CDE / ENV_ACT / 2000 / 0 / AllSec_Tdata / 1332,11
 / SM1 / CDE / ENV_ACT / 2005 / 0 / AllSec_Tdata / 1332,12
 / SM1 / CDE / ENV_ACT / 2010 / 0 / AllSec_Tdata / 1332,13
 / SM1 / CDE / ENV_ACT / 2015 / 0 / AllSec_Tdata / 1332,14
 / SM1 / CDE / ENV_ACT / 2020 / 0 / AllSec_Tdata / 1332,15
 / SM1 / CDE / ENV_ACT / 2025 / 0 / AllSec_Tdata / 1332,16
 / SM1 / CDE / ENV_ACT / 2030 / 0 / AllSec_Tdata / 1332,17
 / SM1 / CDE / ENV_ACT / 2035 / 0 / AllSec_Tdata / 1332,18
 / SM1 / CDE / ENV_ACT / 2040 / 0 / AllSec_Tdata / 1332,19
 / SM1 / CDE / ENV_ACT / 2045 / 0 / AllSec_Tdata / 1332,20
 / SM1 / CDE / ENV_ACT / 2050 / 0 / AllSec_Tdata / 1332,21
 / SM2 / CDE / ENV_ACT / 1990 / 0 / AllSec_Tdata / 1361,9
 / SM2 / CDE / ENV_ACT / 1995 / 0 / AllSec_Tdata / 1361,10
 / SM2 / CDE / ENV_ACT / 2000 / 0 / AllSec_Tdata / 1361,11
 / SM2 / CDE / ENV_ACT / 2005 / 0 / AllSec_Tdata / 1361,12
 / SM2 / CDE / ENV_ACT / 2010 / 0 / AllSec_Tdata / 1361,13
 / SM2 / CDE / ENV_ACT / 2015 / 0 / AllSec_Tdata / 1361,14
 / SM2 / CDE / ENV_ACT / 2020 / 0 / AllSec_Tdata / 1361,15
 / SM2 / CDE / ENV_ACT / 2025 / 0 / AllSec_Tdata / 1361,16
 / SM2 / CDE / ENV_ACT / 2030 / 0 / AllSec_Tdata / 1361,17
 / SM2 / CDE / ENV_ACT / 2035 / 0 / AllSec_Tdata / 1361,18
 / SM2 / CDE / ENV_ACT / 2040 / 0 / AllSec_Tdata / 1361,19
 / SM2 / CDE / ENV_ACT / 2045 / 0 / AllSec_Tdata / 1361,20
 / SM2 / CDE / ENV_ACT / 2050 / 0 / AllSec_Tdata / 1361,21
 / SM3 / CDE / ENV_ACT / 1990 / 0 / AllSec_Tdata / 1375,9
 / SM3 / CDE / ENV_ACT / 1995 / 0 / AllSec_Tdata / 1375,10
 / SM3 / CDE / ENV_ACT / 2000 / 0 / AllSec_Tdata / 1375,11
 / SM3 / CDE / ENV_ACT / 2005 / 0 / AllSec_Tdata / 1375,12
 / SM3 / CDE / ENV_ACT / 2010 / 0 / AllSec_Tdata / 1375,13
 / SM3 / CDE / ENV_ACT / 2015 / 0 / AllSec_Tdata / 1375,14
 / SM3 / CDE / ENV_ACT / 2020 / 0 / AllSec_Tdata / 1375,15
 / SM3 / CDE / ENV_ACT / 2025 / 0 / AllSec_Tdata / 1375,16
 / SM3 / CDE / ENV_ACT / 2030 / 0 / AllSec_Tdata / 1375,17
 / SM3 / CDE / ENV_ACT / 2035 / 0 / AllSec_Tdata / 1375,18
 / SM3 / CDE / ENV_ACT / 2040 / 0 / AllSec_Tdata / 1375,19
 / SM3 / CDE / ENV_ACT / 2045 / 0 / AllSec_Tdata / 1375,20
 / SM3 / CDE / ENV_ACT / 2050 / 0 / AllSec_Tdata / 1375,21
 / SM4 / CDE / ENV_ACT / 1990 / 0 / AllSec_Tdata / 1402,9
 / SM4 / CDE / ENV_ACT / 1995 / 0 / AllSec_Tdata / 1402,10
 / SM4 / CDE / ENV_ACT / 2000 / 0 / AllSec_Tdata / 1402,11
 / SM4 / CDE / ENV_ACT / 2005 / 0 / AllSec_Tdata / 1402,12
 / SM4 / CDE / ENV_ACT / 2010 / 0 / AllSec_Tdata / 1402,13
 / SM4 / CDE / ENV_ACT / 2015 / 0 / AllSec_Tdata / 1402,14
 / SM4 / CDE / ENV_ACT / 2020 / 0 / AllSec_Tdata / 1402,15
 / SM4 / CDE / ENV_ACT / 2025 / 0 / AllSec_Tdata / 1402,16
 / SM4 / CDE / ENV_ACT / 2030 / 0 / AllSec_Tdata / 1402,17
 / SM4 / CDE / ENV_ACT / 2035 / 0 / AllSec_Tdata / 1402,18
 / SM4 / CDE / ENV_ACT / 2040 / 0 / AllSec_Tdata / 1402,19
 / SM4 / CDE / ENV_ACT / 2045 / 0 / AllSec_Tdata / 1402,20
 / SM4 / CDE / ENV_ACT / 2050 / 0 / AllSec_Tdata / 1402,21
 / SN1 / CDE / ENV_ACT / 1990 / 0 / AllSec_Tdata / 1325,9
 / SN1 / CDE / ENV_ACT / 1995 / 0 / AllSec_Tdata / 1325,10
 / SN1 / CDE / ENV_ACT / 2000 / 0 / AllSec_Tdata / 1325,11
 / SN1 / CDE / ENV_ACT / 2005 / 0 / AllSec_Tdata / 1325,12
 / SN1 / CDE / ENV_ACT / 2010 / 0 / AllSec_Tdata / 1325,13
 / SN1 / CDE / ENV_ACT / 2015 / 0 / AllSec_Tdata / 1325,14
 / SN1 / CDE / ENV_ACT / 2020 / 0 / AllSec_Tdata / 1325,15
 / SN1 / CDE / ENV_ACT / 2025 / 0 / AllSec_Tdata / 1325,16
 / SN1 / CDE / ENV_ACT / 2030 / 0 / AllSec_Tdata / 1325,17
 / SN1 / CDE / ENV_ACT / 2035 / 0 / AllSec_Tdata / 1325,18
 / SN1 / CDE / ENV_ACT / 2040 / 0 / AllSec_Tdata / 1325,19
 / SN1 / CDE / ENV_ACT / 2045 / 0 / AllSec_Tdata / 1325,20
 / SN1 / CDE / ENV_ACT / 2050 / 0 / AllSec_Tdata / 1325,21
 / SN2 / CDE / ENV_ACT / 1990 / 0 / AllSec_Tdata / 1354,9
 / SN2 / CDE / ENV_ACT / 1995 / 0 / AllSec_Tdata / 1354,10
 / SN2 / CDE / ENV_ACT / 2000 / 0 / AllSec_Tdata / 1354,11
 / SN2 / CDE / ENV_ACT / 2005 / 0 / AllSec_Tdata / 1354,12
 / SN2 / CDE / ENV_ACT / 2010 / 0 / AllSec_Tdata / 1354,13
 / SN2 / CDE / ENV_ACT / 2015 / 0 / AllSec_Tdata / 1354,14
 / SN2 / CDE / ENV_ACT / 2020 / 0 / AllSec_Tdata / 1354,15
 / SN2 / CDE / ENV_ACT / 2025 / 0 / AllSec_Tdata / 1354,16
 / SN2 / CDE / ENV_ACT / 2030 / 0 / AllSec_Tdata / 1354,17
 / SN2 / CDE / ENV_ACT / 2035 / 0 / AllSec_Tdata / 1354,18
 / SN2 / CDE / ENV_ACT / 2040 / 0 / AllSec_Tdata / 1354,19
 / SN2 / CDE / ENV_ACT / 2045 / 0 / AllSec_Tdata / 1354,20
 / SN2 / CDE / ENV_ACT / 2050 / 0 / AllSec_Tdata / 1354,21
 / SN3 / CDE / ENV_ACT / 1990 / 0 / AllSec_Tdata / 1368,9
 / SN3 / CDE / ENV_ACT / 1995 / 0 / AllSec_Tdata / 1368,10
 / SN3 / CDE / ENV_ACT / 2000 / 0 / AllSec_Tdata / 1368,11
 / SN3 / CDE / ENV_ACT / 2005 / 0 / AllSec_Tdata / 1368,12
 / SN3 / CDE / ENV_ACT / 2010 / 0 / AllSec_Tdata / 1368,13
 / SN3 / CDE / ENV_ACT / 2015 / 0 / AllSec_Tdata / 1368,14
 / SN3 / CDE / ENV_ACT / 2020 / 0 / AllSec_Tdata / 1368,15
 / SN3 / CDE / ENV_ACT / 2025 / 0 / AllSec_Tdata / 1368,16
 / SN3 / CDE / ENV_ACT / 2030 / 0 / AllSec_Tdata / 1368,17
 / SN3 / CDE / ENV_ACT / 2035 / 0 / AllSec_Tdata / 1368,18
 / SN3 / CDE / ENV_ACT / 2040 / 0 / AllSec_Tdata / 1368,19
 / SN3 / CDE / ENV_ACT / 2045 / 0 / AllSec_Tdata / 1368,20
 / SN3 / CDE / ENV_ACT / 2050 / 0 / AllSec_Tdata / 1368,21

