Scenario // Region // Process // Commodity // CommGrp // ValField //


B-NewTechs	Japan	S0E	LCA	-	0.65
B-NewTechs	Japan	S0G	LIQ	-	0.703
B-NewTechs	Japan	S1B	GA1	-	0.958
B-NewTechs	Japan	S27	OXG	-	507.7
B-NewTechs	Japan	S31	MTL	-	0.262
B-NewTechs	Japan	S81	GSL	-	0.3503
B-NewTechs	Japan	S91	CH4	-	0.608
B-NewTechs	Japan	S9C	GA2	-	0.9387
B-NewTechs	Japan	S9D	ELX	-	0.75
B-NewTechs	Japan	S9G	CO1	-	0.886
B-NewTechs	Japan	S9K	CO1	-	0.3163
B-NewTechs	Japan	S9M	MTL	-	0.857
B-NewTechs	Japan	SL3	LH2A	-	0.9709
B-NewTechs	Japan	SM3	HH2	-	0.86095
B-NewTechs	Japan	SM4	LH2A	-	0.86095
B-NewTechs	Japan	SN3	HH2	-	0.8364
B-NewTechs	Japan	SZ6	COA	-	0
B-NewTechs	Japan	SZ6	COA	-	0.297
B-NewTechs	Japan	SZ6	COA	-	0.326
B-NewTechs	Japan	SZ6	COA	-	0.355
B-NewTechs	Japan	SZC	XQG	-	0
B-NewTechs	Japan	SZC	XQG	-	0.126
B-NewTechs	Japan	SZC	XQG	-	0.131
B-NewTechs	Japan	SZC	XQG	-	0.136
B-NewTechs	Japan	SZC	XQG	-	0.1465
B-NewTechs	Japan	SZC	XQG	-	0.157
B-NewTechs	Japan	SZZ	COY	-	1000


